#
# A fatal error has been detected by the Java Runtime Environment:
#
#  Internal Error (jvmciRuntime.cpp:1609), pid=21, tid=37
#  fatal error: Fatal exception in JVMCI: Error calling jdk.vm.ci.services.Services.serializeSavedProperties
#
# JRE version: OpenJDK Runtime Environment GraalVM CE 22.3.0 (17.0.5+8) (build 17.0.5+8-jvmci-22.3-b08)
# Java VM: OpenJDK 64-Bit Server VM GraalVM CE 22.3.0 (17.0.5+8-jvmci-22.3-b08, mixed mode, sharing, tiered, jvmci, jvmci compiler, compressed oops, compressed class ptrs, parallel gc, linux-amd64)
# Problematic frame:
# V  [libjvm.so+0x972714]  JVMCIRuntime::fatal_exception(JVMCIEnv*, char const*)+0x74
#
# Core dump will be written. Default location: Core dumps may be processed with "/usr/share/apport/apport -p%p -s%s -c%c -d%d -P%P -u%u -g%g -- %E" (or dumping to /home/runner/HashMapImpl/core.21)
#
# If you would like to submit a bug report, please visit:
#   https://github.com/oracle/graal/issues
#

---------------  S U M M A R Y ------------

Command Line: -XX:ThreadPriorityPolicy=1 -XX:+UnlockExperimentalVMOptions -XX:+EnableJVMCIProduct -XX:JVMCIThreadsPerNativeLibraryRuntime=1 -XX:-UnlockExperimentalVMOptions -Declipse.application=org.eclipse.jdt.ls.core.id1 -Dosgi.bundles.defaultStartLevel=4 -Declipse.product=org.eclipse.jdt.ls.core.product -Dlog.level=ALL -Xverify:none -XX:+UseParallelGC -XX:GCTimeRatio=4 -XX:AdaptiveSizePolicyWeight=90 -Dsun.zip.disableMemoryMapping=true -Xmx512m -Xms100m /nix/store/m6gcpi1ii6rghy04cjwjddcavv7i90df-jdt-language-server-1.9.0/share/java/plugins/org.eclipse.equinox.launcher_1.6.400.v20210924-0641.jar --add-modules=ALL-SYSTEM --add-opens java.base/java.util=ALL-UNNAMED --add-opens java.base/java.lang=ALL-UNNAMED -configuration /home/runner/.cache/jdt-language-server/config -data /home/runner/.cache/jdt-language-server/data/home/runner/HashMapImpl

Host: AMD EPYC 7B13, 4 cores, 1G, Ubuntu 20.04.2 LTS
Time: Thu May 11 09:46:42 2023 UTC elapsed time: 763.142742 seconds (0d 0h 12m 43s)

---------------  T H R E A D  ---------------

Current thread (0x00007f09d40b21e0):  JavaThread "JVMCI-native CompilerThread0" daemon [_thread_in_vm, id=37, stack(0x00007f09d8118000,0x00007f09d8318000)]


Current CompileTask:
JVMCI-native: 763143 8902       4       jdk.internal.misc.Unsafe::putIntUnaligned (14 bytes)

Stack: [0x00007f09d8118000,0x00007f09d8318000],  sp=0x00007f09d8316380,  free space=2040k
Native frames: (J=compiled Java code, j=interpreted, Vv=VM code, C=native code)
V  [libjvm.so+0x972714]  JVMCIRuntime::fatal_exception(JVMCIEnv*, char const*)+0x74
V  [libjvm.so+0x93e2fe]  JVMCIEnv::copy_saved_properties()+0x14e
V  [libjvm.so+0x9732a9]  JVMCIRuntime::initialize(JVMCIEnv*)+0xb19
V  [libjvm.so+0x9738a2]  JVMCIRuntime::get_HotSpotJVMCIRuntime(JVMCIEnv*)+0x12
V  [libjvm.so+0x9749f2]  JVMCIRuntime::compile_method(JVMCIEnv*, JVMCICompiler*, methodHandle const&, int)+0xd2
V  [libjvm.so+0x5b0d20]  CompileBroker::invoke_compiler_on_method(CompileTask*)+0x1470
V  [libjvm.so+0x5b12e8]  CompileBroker::compiler_thread_loop()+0x528
V  [libjvm.so+0xd82460]  JavaThread::thread_main_inner()+0xd0
V  [libjvm.so+0xd85a40]  Thread::call_run()+0xc0
V  [libjvm.so+0xbdb1e1]  thread_native_entry(Thread*)+0xe1

Register to memory mapping:

RAX=0x00007f09db26a000 points into unknown readable memory: 0x0000000000000058 | 58 00 00 00 00 00 00 00
RBX=0x00007f09dc365398: <offset 0x0000000000ef5398> in /nix/store/gpxl5qgg8kicmcvivwmybwjlpf7wh20l-graalvm17-ce-22.3.0/lib/server/libjvm.so at 0x00007f09db470000
RCX=0x00007f09dc31d1e8: <offset 0x0000000000ead1e8> in /nix/store/gpxl5qgg8kicmcvivwmybwjlpf7wh20l-graalvm17-ce-22.3.0/lib/server/libjvm.so at 0x00007f09db470000
RDX=0x0000000000000649 is an unknown value
RSP=0x00007f09d8316380 is pointing into the stack for thread: 0x00007f09d40b21e0
RBP=0x00007f09d83163a0 is pointing into the stack for thread: 0x00007f09d40b21e0
RSI=0x00007f09dc365c48: <offset 0x0000000000ef5c48> in /nix/store/gpxl5qgg8kicmcvivwmybwjlpf7wh20l-graalvm17-ce-22.3.0/lib/server/libjvm.so at 0x00007f09db470000
RDI=0x00000000e0000000 is an oop: java.lang.String 
{0x00000000e0000000} - klass: 'java/lang/String'
 - string: "resolution"
R8 =0x00007f09dc365398: <offset 0x0000000000ef5398> in /nix/store/gpxl5qgg8kicmcvivwmybwjlpf7wh20l-graalvm17-ce-22.3.0/lib/server/libjvm.so at 0x00007f09db470000
R9 =0x00007f09d8316330 is pointing into the stack for thread: 0x00007f09d40b21e0
R10=0x00007f09d8317948 is pointing into the stack for thread: 0x00007f09d40b21e0
R11=0x0000000000000293 is an unknown value
R12=0x0 is NULL
R13=0x00007f09d40b21e0 is a thread
R14=0x00007f09d4000b80 points into unknown readable memory: 0x00007f09dc596a38 | 38 6a 59 dc 09 7f 00 00
R15=0x00007f09dc6a4e40: <offset 0x0000000001234e40> in /nix/store/gpxl5qgg8kicmcvivwmybwjlpf7wh20l-graalvm17-ce-22.3.0/lib/server/libjvm.so at 0x00007f09db470000


Registers:
RAX=0x00007f09db26a000, RBX=0x00007f09dc365398, RCX=0x00007f09dc31d1e8, RDX=0x0000000000000649
RSP=0x00007f09d8316380, RBP=0x00007f09d83163a0, RSI=0x00007f09dc365c48, RDI=0x00000000e0000000
R8 =0x00007f09dc365398, R9 =0x00007f09d8316330, R10=0x00007f09d8317948, R11=0x0000000000000293
R12=0x0000000000000000, R13=0x00007f09d40b21e0, R14=0x00007f09d4000b80, R15=0x00007f09dc6a4e40
RIP=0x00007f09dbde2714, EFLAGS=0x0000000000010206, CSGSFS=0x002b000000000033, ERR=0x0000000000000006
  TRAPNO=0x000000000000000e

Top of Stack: (sp=0x00007f09d8316380)
0x00007f09d8316380:   00007f09d8316940 00007f09d40b21e0
0x00007f09d8316390:   00007f09d9bfd888 0000000800c42498
0x00007f09d83163a0:   00007f09d8316500 00007f09dbdae2fe
0x00007f09d83163b0:   00007f09d83163e0 00007f09d8316440 

Instructions: (pc=0x00007f09dbde2714)
0x00007f09dbde2614:   30 e8 f6 cf e8 ff 4c 89 e7 e8 2e 48 d1 ff 84 db
0x00007f09dbde2624:   75 2a 4d 85 ed 74 04 4d 8b 6d 00 48 83 c4 08 44
0x00007f09dbde2634:   89 f9 4c 89 f2 4c 89 ee 5b 4c 89 e7 41 5c 41 5d
0x00007f09dbde2644:   41 5e 41 5f 5d e9 e2 47 d1 ff 66 90 48 83 c4 08
0x00007f09dbde2654:   5b 41 5c 41 5d 41 5e 41 5f 5d c3 90 31 d2 be 08
0x00007f09dbde2664:   00 00 00 4c 89 ff e8 b1 78 a3 ff 49 89 c5 e9 37
0x00007f09dbde2674:   ff ff ff 66 0f 1f 84 00 00 00 00 00 48 8b 7a 08
0x00007f09dbde2684:   e9 6d ff ff ff 0f 1f 80 00 00 00 00 e8 5b 48 0a
0x00007f09dbde2694:   00 84 c0 75 89 e9 6a ff ff ff 66 90 55 48 89 e5
0x00007f09dbde26a4:   41 56 41 55 41 54 49 89 fc 53 48 89 f3 66 48 8d
0x00007f09dbde26b4:   3d 27 5e 85 00 66 66 48 e8 df 43 8d ff 4c 8b 28
0x00007f09dbde26c4:   8b 05 be 72 8a 00 85 c0 75 14 ba 01 00 00 00 48
0x00007f09dbde26d4:   8d 0d ae 72 8a 00 f0 0f b1 11 85 c0 74 4e be c8
0x00007f09dbde26e4:   00 00 00 4c 89 ef e8 01 0b 41 00 48 8d 05 12 ac
0x00007f09dbde26f4:   85 00 49 89 d8 48 8d 0d e8 aa 53 00 ba 49 06 00
0x00007f09dbde2704:   00 48 8d 35 3c 35 58 00 bf 00 00 00 e0 48 8b 00
0x00007f09dbde2714:   c6 00 58 31 c0 e8 e2 91 c6 ff 5b 41 5c 41 5d 41
0x00007f09dbde2724:   5e 5d e9 55 34 26 00 0f 1f 44 00 00 48 8d 05 81
0x00007f09dbde2734:   a3 8b 00 48 89 df 4c 8b 30 e8 9e 43 8d ff 48 89
0x00007f09dbde2744:   de 48 89 c2 49 8b 06 4c 89 f7 ff 50 08 4c 89 f7
0x00007f09dbde2754:   e8 a7 5c 27 00 4d 85 e4 74 12 be 01 00 00 00 4c
0x00007f09dbde2764:   89 e7 e8 35 43 fc ff eb 82 0f 1f 00 be 01 00 00
0x00007f09dbde2774:   00 4c 89 ef e8 d3 fd ff ff e9 6d ff ff ff 66 66
0x00007f09dbde2784:   2e 0f 1f 84 00 00 00 00 00 0f 1f 00 55 48 89 e5
0x00007f09dbde2794:   41 57 41 56 41 55 41 54 53 48 81 ec 08 02 00 00
0x00007f09dbde27a4:   64 48 8b 04 25 28 00 00 00 48 89 45 c8 8b 07 83
0x00007f09dbde27b4:   f8 02 0f 84 11 04 00 00 4c 8b 6f 18 49 89 ff 49
0x00007f09dbde27c4:   89 f4 4d 85 ed 74 14 4c 89 ef e8 5d 57 22 00 41
0x00007f09dbde27d4:   8b 07 83 f8 02 0f 84 19 04 00 00 48 8d 1d 9a 06
0x00007f09dbde27e4:   8a 00 4c 8d 35 0b 3c 58 00 eb 38 90 48 85 d2 7f
0x00007f09dbde27f4:   0d 48 8d 05 b4 c0 85 00 48 83 38 00 7e 0e 41 8b
0x00007f09dbde2804:   77 2c 4c 89 f7 31 c0 e8 a0 b2 f7 ff 49 8b 7f 18 


Stack slot to memory mapping:
stack at sp + 0 slots: 0x00007f09d8316940 is pointing into the stack for thread: 0x00007f09d40b21e0
stack at sp + 1 slots: 0x00007f09d40b21e0 is a thread
stack at sp + 2 slots: 0x00007f09d9bfd888 points into unknown readable memory: 0x657300183c7affff | ff ff 7a 3c 18 00 73 65
stack at sp + 3 slots: 0x0000000800c42498 is a pointer to class: 
jdk.vm.ci.services.Services {0x0000000800c42498}
 - instance size:     2
 - klass size:        65
 - access:            public final synchronized 
 - state:             fully_initialized
 - name:              'jdk/vm/ci/services/Services'
 - super:             'java/lang/Object'
 - sub:               
 - arrays:            NULL
 - methods:           Array<T>(0x00007f09d8c51d00)
 - method ordering:   Array<T>(0x0000000800928960)
 - default_methods:   Array<T>(0x0000000000000000)
 - local interfaces:  Array<T>(0x00000008005ce810)
 - trans. interfaces: Array<T>(0x00000008005ce810)
 - constants:         constant pool [427] {0x00007f09d8c50de0} for 'jdk/vm/ci/services/Services' cache=0x00007f09d8c52fd0
 - class loader data:  loader data: 0x00007f09d40283f0 of 'bootstrap'
 - source file:       'Services.java'
 - class annotations:       Array<T>(0x0000000000000000)
 - class type annotations:  Array<T>(0x0000000000000000)
 - field annotations:       Array<T>(0x0000000000000000)
 - field type annotations:  Array<T>(0x0000000000000000)
 - inner classes:     Array<T>(0x00007f09d8c52fa0)
 - nest members:     Array<T>(0x00007f09d8c52fc0)
 - permitted subclasses:     Array<T>(0x00000008005ce7a0)
 - java mirror:       a 'java/lang/Class'{0x00000000e0147b88} = 'jdk/vm/ci/services/Services'
 - vtable length      5  (start addr: 0x0000000800c42668)
 - itable length      2 (start addr: 0x0000000800c42690)
 - ---- static fields (3 words):
 - public static final 'IS_BUILDING_NATIVE_IMAGE' 'Z' @128 
 - public static final 'IS_IN_NATIVE_IMAGE' 'Z' @129 
 - private static volatile 'savedProperties' 'Ljava/util/Map;' @112 
 - static final 'JVMCI_ENABLED' 'Z' @130 
 - private static final 'servicesCache' 'Ljava/util/Map;' @116 
 - private static final 'MAX_UNICODE_IN_UTF8_LENGTH' 'I' @120 
 - private static final 'MAX_UTF8_PROPERTY_STRING_LENGTH' 'I' @124 
 - ---- non-static fields (0 words):
 - non-static oop maps: 
stack at sp + 4 slots: 0x00007f09d8316500 is pointing into the stack for thread: 0x00007f09d40b21e0
stack at sp + 5 slots: 0x00007f09dbdae2fe: <offset 0x000000000093e2fe> in /nix/store/gpxl5qgg8kicmcvivwmybwjlpf7wh20l-graalvm17-ce-22.3.0/lib/server/libjvm.so at 0x00007f09db470000
stack at sp + 6 slots: 0x00007f09d83163e0 is pointing into the stack for thread: 0x00007f09d40b21e0
stack at sp + 7 slots: 0x00007f09d8316440 is pointing into the stack for thread: 0x00007f09d40b21e0


---------------  P R O C E S S  ---------------

Threads class SMR info:
_java_thread_list=0x00007f096c878920, length=24, elements={
0x00007f09d4026690, 0x00007f09d40a64d0, 0x00007f09d40a7910, 0x00007f09d40ae050,
0x00007f09d40af400, 0x00007f09d40b07f0, 0x00007f09d40b21e0, 0x00007f09d40b36f0,
0x00007f09d40b4b40, 0x00007f09d40d7e10, 0x00007f09d411fe70, 0x00007f09d431bc40,
0x00007f09d434ed40, 0x00007f09d4351550, 0x00007f09d4616690, 0x00007f096c017190,
0x00007f096c2b9160, 0x00007f096c4b4970, 0x00007f096c61f100, 0x00007f09d439a960,
0x00007f09d44d90d0, 0x00007f0964001940, 0x00007f095406e200, 0x00007f096c1a0c80
}

Java Threads: ( => current thread )
  0x00007f09d4026690 JavaThread "main" [_thread_blocked, id=27, stack(0x00007f09db28b000,0x00007f09db38b000)]
  0x00007f09d40a64d0 JavaThread "Reference Handler" daemon [_thread_blocked, id=32, stack(0x00007f09d89fe000,0x00007f09d8afe000)]
  0x00007f09d40a7910 JavaThread "Finalizer" daemon [_thread_blocked, id=33, stack(0x00007f09d88fe000,0x00007f09d89fe000)]
  0x00007f09d40ae050 JavaThread "Signal Dispatcher" daemon [_thread_blocked, id=34, stack(0x00007f09d8518000,0x00007f09d8618000)]
  0x00007f09d40af400 JavaThread "Service Thread" daemon [_thread_blocked, id=35, stack(0x00007f09d8418000,0x00007f09d8518000)]
  0x00007f09d40b07f0 JavaThread "Monitor Deflation Thread" daemon [_thread_blocked, id=36, stack(0x00007f09d8318000,0x00007f09d8418000)]
=>0x00007f09d40b21e0 JavaThread "JVMCI-native CompilerThread0" daemon [_thread_in_vm, id=37, stack(0x00007f09d8118000,0x00007f09d8318000)]
  0x00007f09d40b36f0 JavaThread "C1 CompilerThread0" daemon [_thread_blocked, id=38, stack(0x00007f09bb2b3000,0x00007f09bb4b3000)]
  0x00007f09d40b4b40 JavaThread "Sweeper thread" daemon [_thread_blocked, id=39, stack(0x00007f09d8018000,0x00007f09d8118000)]
  0x00007f09d40d7e10 JavaThread "Common-Cleaner" daemon [_thread_blocked, id=40, stack(0x00007f09bb1b3000,0x00007f09bb2b3000)]
  0x00007f09d411fe70 JavaThread "Notification Thread" daemon [_thread_blocked, id=41, stack(0x00007f09bb0b3000,0x00007f09bb1b3000)]
  0x00007f09d431bc40 JavaThread "Active Thread: Equinox Container: 82f4da02-ec79-47fd-9292-95d98dbec88e" [_thread_blocked, id=45, stack(0x00007f09b8b00000,0x00007f09b8c00000)]
  0x00007f09d434ed40 JavaThread "Framework Event Dispatcher: Equinox Container: 82f4da02-ec79-47fd-9292-95d98dbec88e" daemon [_thread_blocked, id=46, stack(0x00007f09b8900000,0x00007f09b8a00000)]
  0x00007f09d4351550 JavaThread "Start Level: Equinox Container: 82f4da02-ec79-47fd-9292-95d98dbec88e" daemon [_thread_blocked, id=47, stack(0x00007f09b8700000,0x00007f09b8800000)]
  0x00007f09d4616690 JavaThread "Refresh Thread: Equinox Container: 82f4da02-ec79-47fd-9292-95d98dbec88e" daemon [_thread_blocked, id=48, stack(0x00007f09b8500000,0x00007f09b8600000)]
  0x00007f096c017190 JavaThread "SCR Component Actor" daemon [_thread_blocked, id=49, stack(0x00007f09b8300000,0x00007f09b8400000)]
  0x00007f096c2b9160 JavaThread "Worker-JM" [_thread_blocked, id=51, stack(0x00007f0982d00000,0x00007f0982e00000)]
  0x00007f096c4b4970 JavaThread "Java indexing" daemon [_thread_blocked, id=54, stack(0x00007f0982700000,0x00007f0982800000)]
  0x00007f096c61f100 JavaThread "Bundle File Closer" daemon [_thread_blocked, id=55, stack(0x00007f0982500000,0x00007f0982600000)]
  0x00007f09d439a960 JavaThread "pool-3-thread-1" [_thread_blocked, id=56, stack(0x00007f0982300000,0x00007f0982400000)]
  0x00007f09d44d90d0 JavaThread "pool-2-thread-1" [_thread_blocked, id=58, stack(0x00007f0981f00000,0x00007f0982000000)]
  0x00007f0964001940 JavaThread "Worker-3: Validate documents" [_thread_blocked, id=59, stack(0x00007f0981d00000,0x00007f0981e00000)]
  0x00007f095406e200 JavaThread "Worker-6" [_thread_blocked, id=73, stack(0x00007f0982900000,0x00007f0982a00000)]
  0x00007f096c1a0c80 JavaThread "Worker-7" [_thread_blocked, id=74, stack(0x00007f0982b00000,0x00007f0982c00000)]

Other Threads:
  0x00007f09d40a1c10 VMThread "VM Thread" [stack: 0x00007f09d8b00000,0x00007f09d8c00000] [id=30] _threads_hazard_ptr=0x00007f096c878920
  0x00007f09d4121810 WatcherThread [stack: 0x00007f09bafb3000,0x00007f09bb0b3000] [id=42]
  0x00007f09d403df30 GCTaskThread "GC Thread#0" [stack: 0x00007f09dae4e000,0x00007f09daf4e000] [id=28]

Threads with active compile tasks:
JVMCI-native CompilerThread0   763262 8902       4       jdk.internal.misc.Unsafe::putIntUnaligned (14 bytes)

VM state: synchronizing (normal execution)

VM Mutex/Monitor currently owned by a thread:  ([mutex/lock_event])
[0x00007f09d4023840] Threads_lock - owner thread: 0x00007f09d40a1c10
[0x00007f09d4023ff0] Heap_lock - owner thread: 0x00007f09d44d90d0

OutOfMemory and StackOverflow Exception counts:
OutOfMemoryError java_heap_errors=5
LinkageErrors=63

Heap address: 0x00000000e0000000, size: 512 MB, Compressed Oops mode: 32-bit

CDS archive(s) mapped at: [0x0000000800000000-0x0000000800bc8000-0x0000000800bc8000), size 12353536, SharedBaseAddress: 0x0000000800000000, ArchiveRelocationMode: 0.
Compressed class space mapped at: 0x0000000800c00000-0x0000000840c00000, reserved size: 1073741824
Narrow klass base: 0x0000000800000000, Narrow klass shift: 0, Narrow klass range: 0x100000000

GC Precious Log:
 CPUs: 4 total, 1 available
 Memory: 1024M
 Large Page Support: Disabled
 NUMA Support: Disabled
 Compressed Oops: Enabled (32-bit)
 Alignments: Space 512K, Generation 512K, Heap 2M
 Heap Min Capacity: 100M
 Heap Initial Capacity: 100M
 Heap Max Capacity: 512M
 Pre-touch: Disabled
 Parallel Workers: 1

Heap:
 PSYoungGen      total 22528K, used 17407K [0x00000000f5580000, 0x00000000f7200000, 0x0000000100000000)
  eden space 17408K, 99% used [0x00000000f5580000,0x00000000f667fff8,0x00000000f6680000)
  from space 5120K, 0% used [0x00000000f6680000,0x00000000f6680000,0x00000000f6b80000)
  to   space 4608K, 0% used [0x00000000f6c00000,0x00000000f6c00000,0x00000000f7080000)
 ParOldGen       total 349696K, used 349695K [0x00000000e0000000, 0x00000000f5580000, 0x00000000f5580000)
  object space 349696K, 99% used [0x00000000e0000000,0x00000000f557fff0,0x00000000f5580000)
 Metaspace       used 60458K, committed 61504K, reserved 1105920K
  class space    used 5967K, committed 6464K, reserved 1048576K

Card table byte_map: [0x00007f09daf4e000,0x00007f09db04f000] _byte_map_base: 0x00007f09da84e000

Marking Bits: (ParMarkBitMap*) 0x00007f09dc69e4c0
 Begin Bits: [0x00007f09d9da1000, 0x00007f09da5a1000)
 End Bits:   [0x00007f09da5a1000, 0x00007f09dada1000)

Polling page: 0x00007f09db268000

Metaspace:

Usage:
  Non-class:     53.21 MB used.
      Class:      5.83 MB used.
       Both:     59.04 MB used.

Virtual space:
  Non-class space:       56.00 MB reserved,      53.75 MB ( 96%) committed,  7 nodes.
      Class space:        1.00 GB reserved,       6.31 MB ( <1%) committed,  1 nodes.
             Both:        1.05 GB reserved,      60.06 MB (  6%) committed. 

Chunk freelists:
   Non-Class:  1.94 MB
       Class:  1.77 MB
        Both:  3.71 MB

MaxMetaspaceSize: unlimited
CompressedClassSpaceSize: 1.00 GB
Initial GC threshold: 21.00 MB
Current GC threshold: 100.12 MB
CDS: on
MetaspaceReclaimPolicy: balanced
 - commit_granule_bytes: 65536.
 - commit_granule_words: 8192.
 - virtual_space_node_default_size: 1048576.
 - enlarge_chunks_in_place: 1.
 - new_chunks_are_fully_committed: 0.
 - uncommit_free_chunks: 1.
 - use_allocation_guard: 0.
 - handle_deallocations: 1.


Internal statistics:

num_allocs_failed_limit: 6.
num_arena_births: 510.
num_arena_deaths: 148.
num_vsnodes_births: 8.
num_vsnodes_deaths: 0.
num_space_committed: 960.
num_space_uncommitted: 0.
num_chunks_returned_to_freelist: 210.
num_chunks_taken_from_freelist: 2909.
num_chunk_merges: 84.
num_chunk_splits: 1875.
num_chunks_enlarged: 1174.
num_purges: 20.
num_inconsistent_stats: 0.

CodeHeap 'non-profiled nmethods': size=120036Kb used=2522Kb max_used=2672Kb free=117513Kb
 bounds [0x00007f09c2f7a000, 0x00007f09c321a000, 0x00007f09ca4b3000]
CodeHeap 'profiled nmethods': size=120032Kb used=14426Kb max_used=15923Kb free=105605Kb
 bounds [0x00007f09bba42000, 0x00007f09bca52000, 0x00007f09c2f7a000]
CodeHeap 'non-nmethods': size=5692Kb used=1402Kb max_used=1407Kb free=4290Kb
 bounds [0x00007f09bb4b3000, 0x00007f09bb723000, 0x00007f09bba42000]
 total_blobs=7720 nmethods=6976 adapters=634
 compilation: enabled
              stopped_count=0, restarted_count=0
 full_count=0

JVMCI Events (20 events):
Event: 658.311 Thread 0x00007f09d40b21e0 compacted oop handles in JVMCI runtime 0 from 47 to 47
Event: 658.311 Thread 0x00007f09d40b21e0 releasing handles for JVMCI runtime 0: oop handles=47, metadata handles={total=92, live=80, blocks=43}
Event: 658.311 Thread 0x00007f09d40b21e0 detached from JVMCI runtime 0
Event: 683.426 Thread 0x00007f09d40b21e0 attached to JVMCI runtime 0
Event: 683.427 Thread 0x00007f09d40b21e0 created JavaVM[6]@0x00007f098139e340 for JVMCI runtime 0
Event: 684.232 Thread 0x00007f09d40b21e0 initializing JVMCI runtime 0
Event: 684.232 Thread 0x00007f09d40b21e0 done waiting for JavaVM references initialization in JVMCI runtime 0
Event: 699.143 Thread 0x00007f09d40b21e0 initialized JVMCI runtime 0
Event: 714.744 Thread 0x00007f09d40b21e0 compacted oop handles in JVMCI runtime 0 from 63 to 62
Event: 715.744 Thread 0x00007f09d40b21e0 detaching from JVMCI runtime 0: releasing idle compiler thread (0 other threads still attached)
Event: 715.744 Thread 0x00007f09d40b21e0 shutting down HotSpotJVMCIRuntime for JVMCI runtime 0
Event: 715.744 Thread 0x00007f09d40b21e0 shut down JVMCI runtime 0
Event: 715.746 Thread 0x00007f09d40b21e0 destroyed JavaVM[6]@0x00007f098139e340 for JVMCI runtime 0
Event: 715.746 Thread 0x00007f09d40b21e0 compacted oop handles in JVMCI runtime 0 from 62 to 62
Event: 715.746 Thread 0x00007f09d40b21e0 releasing handles for JVMCI runtime 0: oop handles=62, metadata handles={total=119, live=113, blocks=43}
Event: 715.746 Thread 0x00007f09d40b21e0 detached from JVMCI runtime 0
Event: 754.743 Thread 0x00007f09d40b21e0 attached to JVMCI runtime 0
Event: 754.744 Thread 0x00007f09d40b21e0 created JavaVM[7]@0x00007f098139e340 for JVMCI runtime 0
Event: 755.701 Thread 0x00007f09d40b21e0 initializing JVMCI runtime 0
Event: 755.701 Thread 0x00007f09d40b21e0 done waiting for JavaVM references initialization in JVMCI runtime 0

Compilation events (20 events):
Event: 656.024 Thread 0x00007f09d40b21e0 nmethod 8892 0x00007f09c3133b90 code [0x00007f09c3133d20, 0x00007f09c3133ec8]
Event: 679.712 Thread 0x00007f09d40b36f0 8893       3       org.eclipse.lsp4j.jsonrpc.messages.NotificationMessage::<init> (5 bytes)
Event: 681.619 Thread 0x00007f09d40b36f0 nmethod 8893 0x00007f09bbd25710 code [0x00007f09bbd258c0, 0x00007f09bbd25ab0]
Event: 683.426 Thread 0x00007f09d40b21e0 8894       4       org.eclipse.core.runtime.Assert::isNotNull (29 bytes)
Event: 707.920 Thread 0x00007f09d40b21e0 nmethod 8894 0x00007f09c3133890 code [0x00007f09c3133a00, 0x00007f09c3133a50]
Event: 707.920 Thread 0x00007f09d40b21e0 8895       4       java.io.DataOutputStream::writeUTF (411 bytes)
Event: 707.929 Thread 0x00007f09d40b36f0 8896       1       org.eclipse.core.internal.resources.ProjectDescription::getFilters (5 bytes)
Event: 707.929 Thread 0x00007f09d40b36f0 nmethod 8896 0x00007f09c3133590 code [0x00007f09c3133720, 0x00007f09c31337f0]
Event: 714.744 Thread 0x00007f09d40b21e0 nmethod 8895 0x00007f09c31da990 code [0x00007f09c31dabc0, 0x00007f09c31dbf40]
Event: 744.538 Thread 0x00007f09d40b36f0 8897       3       org.eclipse.core.internal.dtree.DeltaDataTree::reroot (65 bytes)
Event: 744.539 Thread 0x00007f09d40b36f0 nmethod 8897 0x00007f09bc1d0510 code [0x00007f09bc1d0760, 0x00007f09bc1d1320]
Event: 744.539 Thread 0x00007f09d40b36f0 8898       3       org.eclipse.core.internal.dtree.AbstractDataTree::immutable (6 bytes)
Event: 744.539 Thread 0x00007f09d40b36f0 nmethod 8898 0x00007f09bc35e110 code [0x00007f09bc35e2a0, 0x00007f09bc35e3b0]
Event: 745.687 Thread 0x00007f09d40b36f0 8900       3       com.google.gson.stream.JsonReader::nextString (197 bytes)
Event: 745.688 Thread 0x00007f09d40b36f0 nmethod 8900 0x00007f09bc2f3910 code [0x00007f09bc2f3c00, 0x00007f09bc2f4fc0]
Event: 745.688 Thread 0x00007f09d40b36f0 8899       3       com.google.gson.stream.JsonReader::nextName (116 bytes)
Event: 745.689 Thread 0x00007f09d40b36f0 nmethod 8899 0x00007f09bbb8ba10 code [0x00007f09bbb8bce0, 0x00007f09bbb8d140]
Event: 752.938 Thread 0x00007f09d40b36f0 8901       3       java.util.concurrent.ThreadPoolExecutor::isShutdown (12 bytes)
Event: 752.938 Thread 0x00007f09d40b36f0 nmethod 8901 0x00007f09bbdb9890 code [0x00007f09bbdb9a40, 0x00007f09bbdb9c30]
Event: 754.743 Thread 0x00007f09d40b21e0 8902       4       jdk.internal.misc.Unsafe::putIntUnaligned (14 bytes)

GC Heap History (20 events):
Event: 754.745 GC heap before
{Heap before GC invocations=851 (full 760):
 PSYoungGen      total 22528K, used 17407K [0x00000000f5580000, 0x00000000f7200000, 0x0000000100000000)
  eden space 17408K, 99% used [0x00000000f5580000,0x00000000f667fff0,0x00000000f6680000)
  from space 5120K, 0% used [0x00000000f6680000,0x00000000f6680000,0x00000000f6b80000)
  to   space 4608K, 0% used [0x00000000f6c00000,0x00000000f6c00000,0x00000000f7080000)
 ParOldGen       total 349696K, used 349692K [0x00000000e0000000, 0x00000000f5580000, 0x00000000f5580000)
  object space 349696K, 99% used [0x00000000e0000000,0x00000000f557f290,0x00000000f5580000)
 Metaspace       used 60458K, committed 61504K, reserved 1105920K
  class space    used 5967K, committed 6464K, reserved 1048576K
}
Event: 755.665 GC heap after
{Heap after GC invocations=851 (full 760):
 PSYoungGen      total 22016K, used 17407K [0x00000000f5580000, 0x00000000f7200000, 0x0000000100000000)
  eden space 17408K, 99% used [0x00000000f5580000,0x00000000f667ffc0,0x00000000f6680000)
  from space 4608K, 0% used [0x00000000f6c00000,0x00000000f6c00000,0x00000000f7080000)
  to   space 5120K, 0% used [0x00000000f6680000,0x00000000f6680000,0x00000000f6b80000)
 ParOldGen       total 349696K, used 349692K [0x00000000e0000000, 0x00000000f5580000, 0x00000000f5580000)
  object space 349696K, 99% used [0x00000000e0000000,0x00000000f557f260,0x00000000f5580000)
 Metaspace       used 60458K, committed 61504K, reserved 1105920K
  class space    used 5967K, committed 6464K, reserved 1048576K
}
Event: 755.705 GC heap before
{Heap before GC invocations=852 (full 761):
 PSYoungGen      total 22016K, used 17408K [0x00000000f5580000, 0x00000000f7200000, 0x0000000100000000)
  eden space 17408K, 100% used [0x00000000f5580000,0x00000000f6680000,0x00000000f6680000)
  from space 4608K, 0% used [0x00000000f6c00000,0x00000000f6c00000,0x00000000f7080000)
  to   space 5120K, 0% used [0x00000000f6680000,0x00000000f6680000,0x00000000f6b80000)
 ParOldGen       total 349696K, used 349692K [0x00000000e0000000, 0x00000000f5580000, 0x00000000f5580000)
  object space 349696K, 99% used [0x00000000e0000000,0x00000000f557f260,0x00000000f5580000)
 Metaspace       used 60458K, committed 61504K, reserved 1105920K
  class space    used 5967K, committed 6464K, reserved 1048576K
}
Event: 756.637 GC heap after
{Heap after GC invocations=852 (full 761):
 PSYoungGen      total 22528K, used 17408K [0x00000000f5580000, 0x00000000f7200000, 0x0000000100000000)
  eden space 17408K, 100% used [0x00000000f5580000,0x00000000f6680000,0x00000000f6680000)
  from space 5120K, 0% used [0x00000000f6680000,0x00000000f6680000,0x00000000f6b80000)
  to   space 4608K, 0% used [0x00000000f6c00000,0x00000000f6c00000,0x00000000f7080000)
 ParOldGen       total 349696K, used 349692K [0x00000000e0000000, 0x00000000f5580000, 0x00000000f5580000)
  object space 349696K, 99% used [0x00000000e0000000,0x00000000f557f260,0x00000000f5580000)
 Metaspace       used 60458K, committed 61504K, reserved 1105920K
  class space    used 5967K, committed 6464K, reserved 1048576K
}
Event: 756.638 GC heap before
{Heap before GC invocations=853 (full 762):
 PSYoungGen      total 22528K, used 17408K [0x00000000f5580000, 0x00000000f7200000, 0x0000000100000000)
  eden space 17408K, 100% used [0x00000000f5580000,0x00000000f6680000,0x00000000f6680000)
  from space 5120K, 0% used [0x00000000f6680000,0x00000000f6680000,0x00000000f6b80000)
  to   space 4608K, 0% used [0x00000000f6c00000,0x00000000f6c00000,0x00000000f7080000)
 ParOldGen       total 349696K, used 349693K [0x00000000e0000000, 0x00000000f5580000, 0x00000000f5580000)
  object space 349696K, 99% used [0x00000000e0000000,0x00000000f557f680,0x00000000f5580000)
 Metaspace       used 60458K, committed 61504K, reserved 1105920K
  class space    used 5967K, committed 6464K, reserved 1048576K
}
Event: 757.503 GC heap after
{Heap after GC invocations=853 (full 762):
 PSYoungGen      total 22016K, used 17407K [0x00000000f5580000, 0x00000000f7200000, 0x0000000100000000)
  eden space 17408K, 99% used [0x00000000f5580000,0x00000000f667ffd0,0x00000000f6680000)
  from space 4608K, 0% used [0x00000000f6c00000,0x00000000f6c00000,0x00000000f7080000)
  to   space 5120K, 0% used [0x00000000f6680000,0x00000000f6680000,0x00000000f6b80000)
 ParOldGen       total 349696K, used 349693K [0x00000000e0000000, 0x00000000f5580000, 0x00000000f5580000)
  object space 349696K, 99% used [0x00000000e0000000,0x00000000f557f5b8,0x00000000f5580000)
 Metaspace       used 60458K, committed 61504K, reserved 1105920K
  class space    used 5967K, committed 6464K, reserved 1048576K
}
Event: 757.503 GC heap before
{Heap before GC invocations=854 (full 763):
 PSYoungGen      total 22016K, used 17407K [0x00000000f5580000, 0x00000000f7200000, 0x0000000100000000)
  eden space 17408K, 99% used [0x00000000f5580000,0x00000000f667ffd0,0x00000000f6680000)
  from space 4608K, 0% used [0x00000000f6c00000,0x00000000f6c00000,0x00000000f7080000)
  to   space 5120K, 0% used [0x00000000f6680000,0x00000000f6680000,0x00000000f6b80000)
 ParOldGen       total 349696K, used 349693K [0x00000000e0000000, 0x00000000f5580000, 0x00000000f5580000)
  object space 349696K, 99% used [0x00000000e0000000,0x00000000f557f5b8,0x00000000f5580000)
 Metaspace       used 60458K, committed 61504K, reserved 1105920K
  class space    used 5967K, committed 6464K, reserved 1048576K
}
Event: 758.245 GC heap after
{Heap after GC invocations=854 (full 763):
 PSYoungGen      total 22528K, used 17407K [0x00000000f5580000, 0x00000000f7200000, 0x0000000100000000)
  eden space 17408K, 99% used [0x00000000f5580000,0x00000000f667ffd0,0x00000000f6680000)
  from space 5120K, 0% used [0x00000000f6680000,0x00000000f6680000,0x00000000f6b80000)
  to   space 4608K, 0% used [0x00000000f6c00000,0x00000000f6c00000,0x00000000f7080000)
 ParOldGen       total 349696K, used 349693K [0x00000000e0000000, 0x00000000f5580000, 0x00000000f5580000)
  object space 349696K, 99% used [0x00000000e0000000,0x00000000f557f4d8,0x00000000f5580000)
 Metaspace       used 60458K, committed 61504K, reserved 1105920K
  class space    used 5967K, committed 6464K, reserved 1048576K
}
Event: 758.245 GC heap before
{Heap before GC invocations=855 (full 764):
 PSYoungGen      total 22528K, used 17408K [0x00000000f5580000, 0x00000000f7200000, 0x0000000100000000)
  eden space 17408K, 100% used [0x00000000f5580000,0x00000000f6680000,0x00000000f6680000)
  from space 5120K, 0% used [0x00000000f6680000,0x00000000f6680000,0x00000000f6b80000)
  to   space 4608K, 0% used [0x00000000f6c00000,0x00000000f6c00000,0x00000000f7080000)
 ParOldGen       total 349696K, used 349694K [0x00000000e0000000, 0x00000000f5580000, 0x00000000f5580000)
  object space 349696K, 99% used [0x00000000e0000000,0x00000000f557f9a0,0x00000000f5580000)
 Metaspace       used 60458K, committed 61504K, reserved 1105920K
  class space    used 5967K, committed 6464K, reserved 1048576K
}
Event: 759.027 GC heap after
{Heap after GC invocations=855 (full 764):
 PSYoungGen      total 22016K, used 17407K [0x00000000f5580000, 0x00000000f7200000, 0x0000000100000000)
  eden space 17408K, 99% used [0x00000000f5580000,0x00000000f667ffe0,0x00000000f6680000)
  from space 4608K, 0% used [0x00000000f6c00000,0x00000000f6c00000,0x00000000f7080000)
  to   space 5120K, 0% used [0x00000000f6680000,0x00000000f6680000,0x00000000f6b80000)
 ParOldGen       total 349696K, used 349693K [0x00000000e0000000, 0x00000000f5580000, 0x00000000f5580000)
  object space 349696K, 99% used [0x00000000e0000000,0x00000000f557f5f0,0x00000000f5580000)
 Metaspace       used 60458K, committed 61504K, reserved 1105920K
  class space    used 5967K, committed 6464K, reserved 1048576K
}
Event: 759.027 GC heap before
{Heap before GC invocations=856 (full 765):
 PSYoungGen      total 22016K, used 17408K [0x00000000f5580000, 0x00000000f7200000, 0x0000000100000000)
  eden space 17408K, 100% used [0x00000000f5580000,0x00000000f6680000,0x00000000f6680000)
  from space 4608K, 0% used [0x00000000f6c00000,0x00000000f6c00000,0x00000000f7080000)
  to   space 5120K, 0% used [0x00000000f6680000,0x00000000f6680000,0x00000000f6b80000)
 ParOldGen       total 349696K, used 349693K [0x00000000e0000000, 0x00000000f5580000, 0x00000000f5580000)
  object space 349696K, 99% used [0x00000000e0000000,0x00000000f557f5f0,0x00000000f5580000)
 Metaspace       used 60458K, committed 61504K, reserved 1105920K
  class space    used 5967K, committed 6464K, reserved 1048576K
}
Event: 759.746 GC heap after
{Heap after GC invocations=856 (full 765):
 PSYoungGen      total 22528K, used 17407K [0x00000000f5580000, 0x00000000f7200000, 0x0000000100000000)
  eden space 17408K, 99% used [0x00000000f5580000,0x00000000f667ffe0,0x00000000f6680000)
  from space 5120K, 0% used [0x00000000f6680000,0x00000000f6680000,0x00000000f6b80000)
  to   space 4608K, 0% used [0x00000000f6c00000,0x00000000f6c00000,0x00000000f7080000)
 ParOldGen       total 349696K, used 349693K [0x00000000e0000000, 0x00000000f5580000, 0x00000000f5580000)
  object space 349696K, 99% used [0x00000000e0000000,0x00000000f557f5f0,0x00000000f5580000)
 Metaspace       used 60458K, committed 61504K, reserved 1105920K
  class space    used 5967K, committed 6464K, reserved 1048576K
}
Event: 759.747 GC heap before
{Heap before GC invocations=857 (full 766):
 PSYoungGen      total 22528K, used 17407K [0x00000000f5580000, 0x00000000f7200000, 0x0000000100000000)
  eden space 17408K, 99% used [0x00000000f5580000,0x00000000f667fff8,0x00000000f6680000)
  from space 5120K, 0% used [0x00000000f6680000,0x00000000f6680000,0x00000000f6b80000)
  to   space 4608K, 0% used [0x00000000f6c00000,0x00000000f6c00000,0x00000000f7080000)
 ParOldGen       total 349696K, used 349695K [0x00000000e0000000, 0x00000000f5580000, 0x00000000f5580000)
  object space 349696K, 99% used [0x00000000e0000000,0x00000000f557fc38,0x00000000f5580000)
 Metaspace       used 60458K, committed 61504K, reserved 1105920K
  class space    used 5967K, committed 6464K, reserved 1048576K
}
Event: 760.530 GC heap after
{Heap after GC invocations=857 (full 766):
 PSYoungGen      total 22016K, used 17407K [0x00000000f5580000, 0x00000000f7200000, 0x0000000100000000)
  eden space 17408K, 99% used [0x00000000f5580000,0x00000000f667ff98,0x00000000f6680000)
  from space 4608K, 0% used [0x00000000f6c00000,0x00000000f6c00000,0x00000000f7080000)
  to   space 5120K, 0% used [0x00000000f6680000,0x00000000f6680000,0x00000000f6b80000)
 ParOldGen       total 349696K, used 349694K [0x00000000e0000000, 0x00000000f5580000, 0x00000000f5580000)
  object space 349696K, 99% used [0x00000000e0000000,0x00000000f557f9a0,0x00000000f5580000)
 Metaspace       used 60458K, committed 61504K, reserved 1105920K
  class space    used 5967K, committed 6464K, reserved 1048576K
}
Event: 760.530 GC heap before
{Heap before GC invocations=858 (full 767):
 PSYoungGen      total 22016K, used 17407K [0x00000000f5580000, 0x00000000f7200000, 0x0000000100000000)
  eden space 17408K, 99% used [0x00000000f5580000,0x00000000f667fff8,0x00000000f6680000)
  from space 4608K, 0% used [0x00000000f6c00000,0x00000000f6c00000,0x00000000f7080000)
  to   space 5120K, 0% used [0x00000000f6680000,0x00000000f6680000,0x00000000f6b80000)
 ParOldGen       total 349696K, used 349694K [0x00000000e0000000, 0x00000000f5580000, 0x00000000f5580000)
  object space 349696K, 99% used [0x00000000e0000000,0x00000000f557f9a0,0x00000000f5580000)
 Metaspace       used 60458K, committed 61504K, reserved 1105920K
  class space    used 5967K, committed 6464K, reserved 1048576K
}
Event: 761.338 GC heap after
{Heap after GC invocations=858 (full 767):
 PSYoungGen      total 22528K, used 17407K [0x00000000f5580000, 0x00000000f7200000, 0x0000000100000000)
  eden space 17408K, 99% used [0x00000000f5580000,0x00000000f667ff98,0x00000000f6680000)
  from space 5120K, 0% used [0x00000000f6680000,0x00000000f6680000,0x00000000f6b80000)
  to   space 4608K, 0% used [0x00000000f6c00000,0x00000000f6c00000,0x00000000f7080000)
 ParOldGen       total 349696K, used 349694K [0x00000000e0000000, 0x00000000f5580000, 0x00000000f5580000)
  object space 349696K, 99% used [0x00000000e0000000,0x00000000f557f9a0,0x00000000f5580000)
 Metaspace       used 60458K, committed 61504K, reserved 1105920K
  class space    used 5967K, committed 6464K, reserved 1048576K
}
Event: 761.338 GC heap before
{Heap before GC invocations=859 (full 768):
 PSYoungGen      total 22528K, used 17408K [0x00000000f5580000, 0x00000000f7200000, 0x0000000100000000)
  eden space 17408K, 100% used [0x00000000f5580000,0x00000000f6680000,0x00000000f6680000)
  from space 5120K, 0% used [0x00000000f6680000,0x00000000f6680000,0x00000000f6b80000)
  to   space 4608K, 0% used [0x00000000f6c00000,0x00000000f6c00000,0x00000000f7080000)
 ParOldGen       total 349696K, used 349694K [0x00000000e0000000, 0x00000000f5580000, 0x00000000f5580000)
  object space 349696K, 99% used [0x00000000e0000000,0x00000000f557f9a0,0x00000000f5580000)
 Metaspace       used 60458K, committed 61504K, reserved 1105920K
  class space    used 5967K, committed 6464K, reserved 1048576K
}
Event: 762.141 GC heap after
{Heap after GC invocations=859 (full 768):
 PSYoungGen      total 22016K, used 17407K [0x00000000f5580000, 0x00000000f7200000, 0x0000000100000000)
  eden space 17408K, 99% used [0x00000000f5580000,0x00000000f667ffb0,0x00000000f6680000)
  from space 4608K, 0% used [0x00000000f6c00000,0x00000000f6c00000,0x00000000f7080000)
  to   space 5120K, 0% used [0x00000000f6680000,0x00000000f6680000,0x00000000f6b80000)
 ParOldGen       total 349696K, used 349694K [0x00000000e0000000, 0x00000000f5580000, 0x00000000f5580000)
  object space 349696K, 99% used [0x00000000e0000000,0x00000000f557f9a0,0x00000000f5580000)
 Metaspace       used 60458K, committed 61504K, reserved 1105920K
  class space    used 5967K, committed 6464K, reserved 1048576K
}
Event: 762.141 GC heap before
{Heap before GC invocations=860 (full 769):
 PSYoungGen      total 22016K, used 17407K [0x00000000f5580000, 0x00000000f7200000, 0x0000000100000000)
  eden space 17408K, 99% used [0x00000000f5580000,0x00000000f667ffb0,0x00000000f6680000)
  from space 4608K, 0% used [0x00000000f6c00000,0x00000000f6c00000,0x00000000f7080000)
  to   space 5120K, 0% used [0x00000000f6680000,0x00000000f6680000,0x00000000f6b80000)
 ParOldGen       total 349696K, used 349694K [0x00000000e0000000, 0x00000000f5580000, 0x00000000f5580000)
  object space 349696K, 99% used [0x00000000e0000000,0x00000000f557f9a0,0x00000000f5580000)
 Metaspace       used 60458K, committed 61504K, reserved 1105920K
  class space    used 5967K, committed 6464K, reserved 1048576K
}
Event: 763.109 GC heap after
{Heap after GC invocations=860 (full 769):
 PSYoungGen      total 22528K, used 17407K [0x00000000f5580000, 0x00000000f7200000, 0x0000000100000000)
  eden space 17408K, 99% used [0x00000000f5580000,0x00000000f667ffb0,0x00000000f6680000)
  from space 5120K, 0% used [0x00000000f6680000,0x00000000f6680000,0x00000000f6b80000)
  to   space 4608K, 0% used [0x00000000f6c00000,0x00000000f6c00000,0x00000000f7080000)
 ParOldGen       total 349696K, used 349694K [0x00000000e0000000, 0x00000000f5580000, 0x00000000f5580000)
  object space 349696K, 99% used [0x00000000e0000000,0x00000000f557f9a0,0x00000000f5580000)
 Metaspace       used 60458K, committed 61504K, reserved 1105920K
  class space    used 5967K, committed 6464K, reserved 1048576K
}

Dll operation events (9 events):
Event: 0.004 Loaded shared library /nix/store/gpxl5qgg8kicmcvivwmybwjlpf7wh20l-graalvm17-ce-22.3.0/lib/libjava.so
Event: 0.036 Loaded shared library /nix/store/gpxl5qgg8kicmcvivwmybwjlpf7wh20l-graalvm17-ce-22.3.0/lib/libjsvml.so
Event: 0.201 Loaded shared library /nix/store/gpxl5qgg8kicmcvivwmybwjlpf7wh20l-graalvm17-ce-22.3.0/lib/libnio.so
Event: 0.206 Loaded shared library /nix/store/gpxl5qgg8kicmcvivwmybwjlpf7wh20l-graalvm17-ce-22.3.0/lib/libzip.so
Event: 0.218 Loaded shared library /nix/store/gpxl5qgg8kicmcvivwmybwjlpf7wh20l-graalvm17-ce-22.3.0/lib/libjvmcicompiler.so
Event: 0.435 Loaded shared library /nix/store/gpxl5qgg8kicmcvivwmybwjlpf7wh20l-graalvm17-ce-22.3.0/lib/libjimage.so
Event: 0.903 Loaded shared library /nix/store/gpxl5qgg8kicmcvivwmybwjlpf7wh20l-graalvm17-ce-22.3.0/lib/libnet.so
Event: 3.547 Loaded shared library /home/runner/.cache/jdt-language-server/config/org.eclipse.equinox.launcher/org.eclipse.equinox.launcher.gtk.linux.x86_64_1.2.400.v20211117-0650/eclipse_11600.so
Event: 10.321 Loaded shared library /nix/store/gpxl5qgg8kicmcvivwmybwjlpf7wh20l-graalvm17-ce-22.3.0/lib/libextnet.so

Deoptimization events (20 events):
Event: 159.425 Thread 0x00007f09d44d90d0 DEOPT PACKING pc=0x00007f09c321287a sp=0x00007f0981ffd950
Event: 159.425 Thread 0x00007f09d44d90d0 DEOPT UNPACKING pc=0x00007f09bb505325 sp=0x00007f0981ffce00 mode 3
Event: 175.818 Thread 0x00007f097012c400 Uncommon trap: trap_request=0xffffffed fr.pc=0x00007f09c30cad3c relative=0x00000000000005fc
Event: 175.818 Thread 0x00007f097012c400 Uncommon trap: reason=null_assert_or_unreached0 action=reinterpret pc=0x00007f09c30cad3c method=org.eclipse.jdt.core.compiler.CharOperation.splitOn(C[C)[[C @ 0 jvmci
Event: 175.818 Thread 0x00007f097012c400 DEOPT PACKING pc=0x00007f09c30cad3c sp=0x00007f09829fdf80
Event: 175.818 Thread 0x00007f097012c400 DEOPT UNPACKING pc=0x00007f09bb505325 sp=0x00007f09829fd418 mode 3
Event: 189.250 Thread 0x00007f097012c400 Uncommon trap: trap_request=0xffffffed fr.pc=0x00007f09c31f15d3 relative=0x0000000000001253
Event: 189.250 Thread 0x00007f097012c400 Uncommon trap: reason=null_assert_or_unreached0 action=reinterpret pc=0x00007f09c31f15d3 method=org.eclipse.jdt.internal.compiler.parser.Scanner.internalScanIdentifierOrKeyword(II[C)I @ 0 jvmci
Event: 189.250 Thread 0x00007f097012c400 DEOPT PACKING pc=0x00007f09c31f15d3 sp=0x00007f09829fd2b0
Event: 189.250 Thread 0x00007f097012c400 DEOPT UNPACKING pc=0x00007f09bb505325 sp=0x00007f09829fc740 mode 3
Event: 541.801 Thread 0x00007f096c4b4970 Uncommon trap: trap_request=0xffffff8f fr.pc=0x00007f09c31a5422 relative=0x00000000000011e2
Event: 541.801 Thread 0x00007f096c4b4970 Uncommon trap: reason=constraint action=none pc=0x00007f09c31a5422 method=org.eclipse.jdt.internal.core.index.DiskIndex.copyQueryResults(Lorg/eclipse/jdt/internal/compiler/util/HashtableOfObject;I)V @ 123 jvmci
Event: 541.801 Thread 0x00007f096c4b4970 DEOPT PACKING pc=0x00007f09c31a5422 sp=0x00007f09827fe530
Event: 541.801 Thread 0x00007f096c4b4970 DEOPT UNPACKING pc=0x00007f09bb505325 sp=0x00007f09827fda28 mode 3
Event: 547.505 Thread 0x00007f096c4b4970 Uncommon trap: trap_request=0xffffff8f fr.pc=0x00007f09c2f94914 relative=0x0000000000000274
Event: 547.505 Thread 0x00007f096c4b4970 Uncommon trap: reason=constraint action=none pc=0x00007f09c2f94914 method=org.eclipse.jdt.internal.core.index.DiskIndex$IntList.add(I)V @ 0 jvmci
Event: 548.315 Thread 0x00007f096c4b4970 DEOPT PACKING pc=0x00007f09c2f94914 sp=0x00007f09827fe500
Event: 548.315 Thread 0x00007f096c4b4970 DEOPT UNPACKING pc=0x00007f09bb505325 sp=0x00007f09827fd9a0 mode 3
Event: 689.340 Thread 0x00007f09d40b21e0 DEOPT PACKING pc=0x00007f09bc74b43a sp=0x00007f09d8315ef0
Event: 689.340 Thread 0x00007f09d40b21e0 DEOPT UNPACKING pc=0x00007f09bb505325 sp=0x00007f09d8315458 mode 0

Classes unloaded (20 events):
Event: 186.719 Thread 0x00007f09d40a1c10 Unloading class 0x0000000801130c00 'jdk/internal/reflect/GeneratedSerializationConstructorAccessor17'
Event: 186.719 Thread 0x00007f09d40a1c10 Unloading class 0x0000000801130800 'jdk/internal/reflect/GeneratedSerializationConstructorAccessor16'
Event: 186.719 Thread 0x00007f09d40a1c10 Unloading class 0x0000000801130400 'jdk/internal/reflect/GeneratedSerializationConstructorAccessor15'
Event: 186.719 Thread 0x00007f09d40a1c10 Unloading class 0x000000080112c800 'jdk/internal/reflect/GeneratedConstructorAccessor38'
Event: 186.719 Thread 0x00007f09d40a1c10 Unloading class 0x000000080112c400 'jdk/internal/reflect/GeneratedSerializationConstructorAccessor14'
Event: 186.719 Thread 0x00007f09d40a1c10 Unloading class 0x000000080112c000 'jdk/internal/reflect/GeneratedSerializationConstructorAccessor13'
Event: 186.719 Thread 0x00007f09d40a1c10 Unloading class 0x0000000801129c00 'jdk/internal/reflect/GeneratedSerializationConstructorAccessor12'
Event: 186.719 Thread 0x00007f09d40a1c10 Unloading class 0x0000000801129800 'jdk/internal/reflect/GeneratedMethodAccessor12'
Event: 186.719 Thread 0x00007f09d40a1c10 Unloading class 0x0000000801129000 'jdk/internal/reflect/GeneratedSerializationConstructorAccessor11'
Event: 186.719 Thread 0x00007f09d40a1c10 Unloading class 0x0000000801128c00 'jdk/internal/reflect/GeneratedSerializationConstructorAccessor10'
Event: 186.719 Thread 0x00007f09d40a1c10 Unloading class 0x0000000801128800 'jdk/internal/reflect/GeneratedSerializationConstructorAccessor9'
Event: 186.719 Thread 0x00007f09d40a1c10 Unloading class 0x0000000801128400 'jdk/internal/reflect/GeneratedSerializationConstructorAccessor8'
Event: 186.719 Thread 0x00007f09d40a1c10 Unloading class 0x0000000801098400 'jdk/internal/reflect/GeneratedSerializationConstructorAccessor2'
Event: 186.719 Thread 0x00007f09d40a1c10 Unloading class 0x0000000801098000 'jdk/internal/reflect/GeneratedSerializationConstructorAccessor1'
Event: 190.834 Thread 0x00007f09d40a1c10 Unloading class 0x00000008010ecc00 'jdk/internal/reflect/GeneratedMethodAccessor10'
Event: 190.834 Thread 0x00007f09d40a1c10 Unloading class 0x00000008010ec800 'jdk/internal/reflect/GeneratedMethodAccessor9'
Event: 190.834 Thread 0x00007f09d40a1c10 Unloading class 0x00000008010ec000 'jdk/internal/reflect/GeneratedMethodAccessor7'
Event: 192.018 Thread 0x00007f09d40a1c10 Unloading class 0x00000008010ec400 'jdk/internal/reflect/GeneratedMethodAccessor8'
Event: 196.538 Thread 0x00007f09d40a1c10 Unloading class 0x0000000801129400 'jdk/internal/reflect/GeneratedMethodAccessor11'
Event: 359.137 Thread 0x00007f09d40a1c10 Unloading class 0x0000000801128000 'jdk/internal/reflect/GeneratedConstructorAccessor37'

Classes redefined (0 events):
No events

Internal exceptions (20 events):
Event: 36.305 Thread 0x00007f09540010d0 Exception <a 'java/lang/NoSuchMethodError'{0x00000000f5b8b9e0}: 'java.lang.Object java.lang.invoke.DirectMethodHandle$Holder.newInvokeSpecial(java.lang.Object, java.lang.Object, int, java.lang.Object, java.lang.Object)'> (0x00000000f5b8b9e0) 
thrown [src/hotspot/share/interpreter/linkResolver.cpp, line 758]
Event: 36.305 Thread 0x00007f09540010d0 Exception <a 'java/lang/NoSuchMethodError'{0x00000000f5b8fc20}: 'java.lang.Object java.lang.invoke.DirectMethodHandle$Holder.invokeSpecial(java.lang.Object, java.lang.Object, java.lang.Object, int, java.lang.Object, java.lang.Object)'> (0x00000000f5b8fc20) 
thrown [src/hotspot/share/interpreter/linkResolver.cpp, line 758]
Event: 37.925 Thread 0x00007f097012ccf0 Implicit null exception at 0x00007f09c317d1a2 to 0x00007f09c317d532
Event: 38.805 Thread 0x00007f097012ccf0 Implicit null exception at 0x00007f09c30c99e9 to 0x00007f09c30c9b9b
Event: 38.814 Thread 0x00007f096c4b4970 Implicit null exception at 0x00007f09c3173abd to 0x00007f09c3173faa
Event: 40.529 Thread 0x00007f097012ccf0 Exception <a 'java/lang/NoSuchMethodError'{0x00000000f5715de8}: 'java.lang.Object java.lang.invoke.DirectMethodHandle$Holder.newInvokeSpecial(java.lang.Object, java.lang.Object, int, java.lang.Object, java.lang.Object, java.lang.Object, java.lang.Object)'> (0x00000000f5715de8) 
thrown [src/hotspot/share/interpreter/linkResolver.cpp, line 758]
Event: 40.611 Thread 0x00007f097012c400 Exception <a 'java/lang/NoSuchMethodError'{0x00000000f57a7e68}: 'java.lang.Object java.lang.invoke.DirectMethodHandle$Holder.invokeStatic(java.lang.Object, int, java.lang.Object, java.lang.Object, java.lang.Object, java.lang.Object)'> (0x00000000f57a7e68) 
thrown [src/hotspot/share/interpreter/linkResolver.cpp, line 758]
Event: 40.612 Thread 0x00007f097012c400 Exception <a 'java/lang/NoSuchMethodError'{0x00000000f57b0090}: 'java.lang.Object java.lang.invoke.DirectMethodHandle$Holder.newInvokeSpecial(java.lang.Object, int, java.lang.Object, java.lang.Object, java.lang.Object)'> (0x00000000f57b0090) 
thrown [src/hotspot/share/interpreter/linkResolver.cpp, line 758]
Event: 40.909 Thread 0x00007f097012ccf0 Exception <a 'java/lang/NoSuchMethodError'{0x00000000f6d544e0}: 'void java.lang.invoke.DirectMethodHandle$Holder.invokeSpecial(java.lang.Object, java.lang.Object, int)'> (0x00000000f6d544e0) 
thrown [src/hotspot/share/interpreter/linkResolver.cpp, line 758]
Event: 41.631 Thread 0x00007f097012c400 Exception <a 'java/lang/NoSuchMethodError'{0x00000000f6ee6bf0}: 'int java.lang.invoke.DirectMethodHandle$Holder.invokeSpecialIFC(java.lang.Object, java.lang.Object, java.lang.Object, java.lang.Object)'> (0x00000000f6ee6bf0) 
thrown [src/hotspot/share/interpreter/linkResolver.cpp, line 758]
Event: 174.809 Thread 0x00007f097012c400 Exception <a 'java/lang/ArrayIndexOutOfBoundsException'{0x00000000f6640618}: Index 42 out of bounds for length 42> (0x00000000f6640618) 
thrown [src/hotspot/share/interpreter/interpreterRuntime.cpp, line 428]
Event: 174.809 Thread 0x00007f097012c400 Exception <a 'java/lang/ArrayIndexOutOfBoundsException'{0x00000000f6640a90}: Index 42 out of bounds for length 42> (0x00000000f6640a90) 
thrown [src/hotspot/share/interpreter/interpreterRuntime.cpp, line 428]
Event: 174.809 Thread 0x00007f097012c400 Exception <a 'java/lang/ArrayIndexOutOfBoundsException'{0x00000000f6648e10}: Index 43 out of bounds for length 42> (0x00000000f6648e10) 
thrown [src/hotspot/share/interpreter/interpreterRuntime.cpp, line 428]
Event: 541.801 Thread 0x00007f096c4b4970 Exception <a 'java/lang/OutOfMemoryError'{0x00000000e0004ae0}> (0x00000000e0004ae0) 
thrown [src/hotspot/share/gc/shared/memAllocator.cpp, line 138]
Event: 541.801 Thread 0x00007f096c4b4970 Implicit null exception at 0x00007f09c31a4e8e to 0x00007f09c31a5407
Event: 547.505 Thread 0x00007f096c4b4970 Exception <a 'java/lang/OutOfMemoryError'{0x00000000e0004540}> (0x00000000e0004540) 
thrown [src/hotspot/share/gc/shared/memAllocator.cpp, line 138]
Event: 547.505 Thread 0x00007f096c4b4970 Implicit null exception at 0x00007f09c2f9486d to 0x00007f09c2f948f9
Event: 552.843 Thread 0x00007f0964001940 Exception <a 'java/lang/OutOfMemoryError'{0x00000000e00042c0}> (0x00000000e00042c0) 
thrown [src/hotspot/share/gc/shared/memAllocator.cpp, line 136]
Event: 758.245 Thread 0x00007f0964001940 Exception <a 'java/lang/OutOfMemoryError'{0x00000000e00042c0}> (0x00000000e00042c0) 
thrown [src/hotspot/share/gc/shared/memAllocator.cpp, line 136]
Event: 763.110 Thread 0x00007f09d40b21e0 Exception <a 'java/lang/OutOfMemoryError'{0x00000000e00042c0}> (0x00000000e00042c0) 
thrown [src/hotspot/share/gc/shared/memAllocator.cpp, line 136]

VM Operations (20 events):
Event: 753.854 Executing VM operation: ParallelGCFailedAllocation done
Event: 753.854 Executing VM operation: ParallelGCFailedAllocation
Event: 754.743 Executing VM operation: ParallelGCFailedAllocation done
Event: 754.743 Executing VM operation: ParallelGCFailedAllocation
Event: 755.701 Executing VM operation: ParallelGCFailedAllocation done
Event: 755.701 Executing VM operation: ParallelGCFailedAllocation
Event: 756.637 Executing VM operation: ParallelGCFailedAllocation done
Event: 756.638 Executing VM operation: ParallelGCFailedAllocation
Event: 758.245 Executing VM operation: ParallelGCFailedAllocation done
Event: 758.245 Executing VM operation: ParallelGCFailedAllocation
Event: 759.027 Executing VM operation: ParallelGCFailedAllocation done
Event: 759.027 Executing VM operation: ParallelGCFailedAllocation
Event: 759.746 Executing VM operation: ParallelGCFailedAllocation done
Event: 759.747 Executing VM operation: ParallelGCFailedAllocation
Event: 760.530 Executing VM operation: ParallelGCFailedAllocation done
Event: 760.530 Executing VM operation: ParallelGCFailedAllocation
Event: 761.338 Executing VM operation: ParallelGCFailedAllocation done
Event: 761.338 Executing VM operation: ParallelGCFailedAllocation
Event: 763.109 Executing VM operation: ParallelGCFailedAllocation done
Event: 763.110 Executing VM operation: ParallelGCFailedAllocation

Events (20 events):
Event: 98.434 Thread 0x000056293f547a00 Thread exited: 0x000056293f547a00
Event: 101.301 Thread 0x00007f096c1a0c80 Thread exited: 0x00007f096c1a0c80
Event: 105.018 Thread 0x00007f09540010d0 Thread exited: 0x00007f09540010d0
Event: 161.620 Thread 0x00007f097012c400 Thread added: 0x00007f097012c400
Event: 161.620 Protecting memory [0x00007f0982900000,0x00007f0982904000] with protection modes 0
Event: 195.943 Thread 0x00007f097012c400 Thread exited: 0x00007f097012c400
Event: 205.342 Thread 0x00007f095406e200 Thread added: 0x00007f095406e200
Event: 205.343 Protecting memory [0x00007f0982900000,0x00007f0982904000] with protection modes 0
Event: 355.122 loading class java/io/InterruptedIOException
Event: 355.122 loading class java/io/InterruptedIOException done
Event: 355.122 loading class javax/net/ssl/SSLException
Event: 355.122 loading class javax/net/ssl/SSLException done
Event: 363.701 loading class java/lang/AssertionError
Event: 363.703 loading class java/lang/AssertionError done
Event: 372.742 Thread 0x00007f097841e390 Thread exited: 0x00007f097841e390
Event: 377.152 Thread 0x00007f0984002120 Thread exited: 0x00007f0984002120
Event: 437.251 Thread 0x00007f097841eb20 Thread exited: 0x00007f097841eb20
Event: 734.838 Thread 0x00007f096c3325e0 Thread exited: 0x00007f096c3325e0
Event: 745.687 Thread 0x00007f096c1a0c80 Thread added: 0x00007f096c1a0c80
Event: 745.687 Protecting memory [0x00007f0982b00000,0x00007f0982b04000] with protection modes 0


Dynamic libraries:
e0000000-f5580000 rw-p 00000000 00:00 0 
f5580000-f7200000 rw-p 00000000 00:00 0 
f7200000-100000000 ---p 00000000 00:00 0 
800000000-800449000 rw-p 00001000 00:133f 4611686019135357769            /nix/store/gpxl5qgg8kicmcvivwmybwjlpf7wh20l-graalvm17-ce-22.3.0/lib/server/classes.jsa
800449000-800bc8000 r--p 0044a000 00:133f 4611686019135357769            /nix/store/gpxl5qgg8kicmcvivwmybwjlpf7wh20l-graalvm17-ce-22.3.0/lib/server/classes.jsa
800bc8000-800c00000 ---p 00000000 00:00 0 
800c00000-800c20000 rw-p 00000000 00:00 0 
800c20000-800c40000 rw-p 00000000 00:00 0 
800c40000-800cc0000 rw-p 00000000 00:00 0 
800cc0000-800d00000 rw-p 00000000 00:00 0 
800d00000-800dc0000 rw-p 00000000 00:00 0 
800dc0000-800e00000 rw-p 00000000 00:00 0 
800e00000-800f40000 rw-p 00000000 00:00 0 
800f40000-800fc0000 rw-p 00000000 00:00 0 
800fc0000-801000000 rw-p 00000000 00:00 0 
801000000-801250000 rw-p 00000000 00:00 0 
801250000-840c00000 ---p 00000000 00:00 0 
56293f0e1000-56293f0e2000 r-xp 00000000 00:133f 4611686019099417844      /nix/store/gpxl5qgg8kicmcvivwmybwjlpf7wh20l-graalvm17-ce-22.3.0/bin/.java-wrapped
56293f0e3000-56293f0e4000 r--p 00001000 00:133f 4611686019099417844      /nix/store/gpxl5qgg8kicmcvivwmybwjlpf7wh20l-graalvm17-ce-22.3.0/bin/.java-wrapped
56293f0e4000-56293f0e5000 rw-p 00002000 00:133f 4611686019099417844      /nix/store/gpxl5qgg8kicmcvivwmybwjlpf7wh20l-graalvm17-ce-22.3.0/bin/.java-wrapped
56293f0e5000-56293f0e6000 rw-p 00004000 00:133f 4611686019099417844      /nix/store/gpxl5qgg8kicmcvivwmybwjlpf7wh20l-graalvm17-ce-22.3.0/bin/.java-wrapped
56293f0e6000-56293f0e7000 rw-p 00005000 00:133f 4611686019099417844      /nix/store/gpxl5qgg8kicmcvivwmybwjlpf7wh20l-graalvm17-ce-22.3.0/bin/.java-wrapped
56293f51f000-56293f8f7000 rw-p 00000000 00:00 0                          [heap]
7f094a4b3000-7f0954000000 r--s 00000000 00:133f 4611686019135192581      /nix/store/gpxl5qgg8kicmcvivwmybwjlpf7wh20l-graalvm17-ce-22.3.0/lib/modules
7f0954000000-7f095408c000 rw-p 00000000 00:00 0 
7f095408c000-7f0958000000 ---p 00000000 00:00 0 
7f095b000000-7f095b620000 rw-p 00000000 00:00 0 
7f095b620000-7f095b800000 ---p 00000000 00:00 0 
7f095b800000-7f095bf80000 rw-p 00000000 00:00 0 
7f095bf80000-7f095bfa0000 rw-p 00000000 00:00 0 
7f095bfa0000-7f095c000000 ---p 00000000 00:00 0 
7f095c000000-7f095c021000 rw-p 00000000 00:00 0 
7f095c021000-7f0960000000 ---p 00000000 00:00 0 
7f0960000000-7f0960021000 rw-p 00000000 00:00 0 
7f0960021000-7f0964000000 ---p 00000000 00:00 0 
7f0964000000-7f0964103000 rw-p 00000000 00:00 0 
7f0964103000-7f0968000000 ---p 00000000 00:00 0 
7f0969000000-7f0969180000 rw-p 00000000 00:00 0 
7f0969180000-7f0969200000 rw-p 00000000 00:00 0 
7f0969200000-7f0969500000 rw-p 00000000 00:00 0 
7f0969500000-7f0969600000 rw-p 00000000 00:00 0 
7f0969600000-7f0969800000 rw-p 00000000 00:00 0 
7f0969800000-7f0969900000 rw-p 00000000 00:00 0 
7f0969900000-7f0969ae0000 rw-p 00000000 00:00 0 
7f0969ae0000-7f0969b00000 rw-p 00000000 00:00 0 
7f0969b00000-7f0969d00000 rw-p 00000000 00:00 0 
7f0969d00000-7f0969e00000 rw-p 00000000 00:00 0 
7f0969e00000-7f096a000000 rw-p 00000000 00:00 0 
7f096a000000-7f096a100000 rw-p 00000000 00:00 0 
7f096a100000-7f096a200000 rw-p 00000000 00:00 0 
7f096a200000-7f096a700000 rw-p 00000000 00:00 0 
7f096a700000-7f096a800000 rw-p 00000000 00:00 0 
7f096a800000-7f096a900000 rw-p 00000000 00:00 0 
7f096a900000-7f096aa00000 rw-p 00000000 00:00 0 
7f096aa00000-7f096ad00000 rw-p 00000000 00:00 0 
7f096ad00000-7f096ae00000 rw-p 00000000 00:00 0 
7f096ae00000-7f096b000000 rw-p 00000000 00:00 0 
7f096bc00000-7f096bc10000 r-xp 00000000 00:133c 356                      /home/runner/.cache/jdt-language-server/config/org.eclipse.equinox.launcher/org.eclipse.equinox.launcher.gtk.linux.x86_64_1.2.400.v20211117-0650/eclipse_11600.so
7f096bc10000-7f096be0f000 ---p 00010000 00:133c 356                      /home/runner/.cache/jdt-language-server/config/org.eclipse.equinox.launcher/org.eclipse.equinox.launcher.gtk.linux.x86_64_1.2.400.v20211117-0650/eclipse_11600.so
7f096be0f000-7f096be10000 r--p 0000f000 00:133c 356                      /home/runner/.cache/jdt-language-server/config/org.eclipse.equinox.launcher/org.eclipse.equinox.launcher.gtk.linux.x86_64_1.2.400.v20211117-0650/eclipse_11600.so
7f096be10000-7f096be11000 rw-p 00010000 00:133c 356                      /home/runner/.cache/jdt-language-server/config/org.eclipse.equinox.launcher/org.eclipse.equinox.launcher.gtk.linux.x86_64_1.2.400.v20211117-0650/eclipse_11600.so
7f096c000000-7f096c93a000 rw-p 00000000 00:00 0 
7f096c93a000-7f0970000000 ---p 00000000 00:00 0 
7f0970000000-7f0970159000 rw-p 00000000 00:00 0 
7f0970159000-7f0974000000 ---p 00000000 00:00 0 
7f0974000000-7f0974021000 rw-p 00000000 00:00 0 
7f0974021000-7f0978000000 ---p 00000000 00:00 0 
7f0978000000-7f09784f3000 rw-p 00000000 00:00 0 
7f09784f3000-7f097c000000 ---p 00000000 00:00 0 
7f097c000000-7f097c02b000 rw-p 00000000 00:00 0 
7f097c02b000-7f0980000000 ---p 00000000 00:00 0 
7f0980700000-7f0980800000 ---p 00000000 00:00 0 
7f0980800000-7f0980daf000 r--p 01122000 00:133f 4611686019135190040      /nix/store/gpxl5qgg8kicmcvivwmybwjlpf7wh20l-graalvm17-ce-22.3.0/lib/libjvmcicompiler.so
7f0980daf000-7f0980f00000 r--p 00000000 00:00 0 
7f0980f00000-7f0980f3d000 rw-p 00000000 00:00 0 
7f0980f3d000-7f098145d000 rw-p 0185f000 00:133f 4611686019135190040      /nix/store/gpxl5qgg8kicmcvivwmybwjlpf7wh20l-graalvm17-ce-22.3.0/lib/libjvmcicompiler.so
7f098145d000-7f0981844000 r--p 01d7f000 00:133f 4611686019135190040      /nix/store/gpxl5qgg8kicmcvivwmybwjlpf7wh20l-graalvm17-ce-22.3.0/lib/libjvmcicompiler.so
7f0981900000-7f0981904000 ---p 00000000 00:00 0 
7f0981904000-7f0981a00000 rw-p 00000000 00:00 0 
7f0981b00000-7f0981b04000 ---p 00000000 00:00 0 
7f0981b04000-7f0981c00000 rw-p 00000000 00:00 0 
7f0981d00000-7f0981d04000 ---p 00000000 00:00 0 
7f0981d04000-7f0981e00000 rw-p 00000000 00:00 0 
7f0981f00000-7f0981f04000 ---p 00000000 00:00 0 
7f0981f04000-7f0982000000 rw-p 00000000 00:00 0 
7f0982100000-7f0982104000 ---p 00000000 00:00 0 
7f0982104000-7f0982200000 rw-p 00000000 00:00 0 
7f0982300000-7f0982304000 ---p 00000000 00:00 0 
7f0982304000-7f0982400000 rw-p 00000000 00:00 0 
7f0982500000-7f0982504000 ---p 00000000 00:00 0 
7f0982504000-7f0982600000 rw-p 00000000 00:00 0 
7f0982700000-7f0982704000 ---p 00000000 00:00 0 
7f0982704000-7f0982800000 rw-p 00000000 00:00 0 
7f0982800000-7f0982804000 ---p 00000000 00:00 0 
7f0982804000-7f0982900000 rw-p 00000000 00:00 0 
7f0982900000-7f0982904000 ---p 00000000 00:00 0 
7f0982904000-7f0982a00000 rw-p 00000000 00:00 0 
7f0982a00000-7f0982a04000 ---p 00000000 00:00 0 
7f0982a04000-7f0982b00000 rw-p 00000000 00:00 0 
7f0982b00000-7f0982b04000 ---p 00000000 00:00 0 
7f0982b04000-7f0982c00000 rw-p 00000000 00:00 0 
7f0982d00000-7f0982d04000 ---p 00000000 00:00 0 
7f0982d04000-7f0982e00000 rw-p 00000000 00:00 0 
7f0983a68000-7f0983f00000 rw-p 00000000 00:00 0 
7f0984000000-7f0984021000 rw-p 00000000 00:00 0 
7f0984021000-7f0988000000 ---p 00000000 00:00 0 
7f0988000000-7f0988021000 rw-p 00000000 00:00 0 
7f0988021000-7f098c000000 ---p 00000000 00:00 0 
7f098c000000-7f098c021000 rw-p 00000000 00:00 0 
7f098c021000-7f0990000000 ---p 00000000 00:00 0 
7f0990000000-7f0990021000 rw-p 00000000 00:00 0 
7f0990021000-7f0994000000 ---p 00000000 00:00 0 
7f0994000000-7f09940cc000 rw-p 00000000 00:00 0 
7f09940cc000-7f0998000000 ---p 00000000 00:00 0 
7f0998000000-7f0998b47000 rw-p 00000000 00:00 0 
7f0998b47000-7f099c000000 ---p 00000000 00:00 0 
7f099c000000-7f099c13a000 rw-p 00000000 00:00 0 
7f099c13a000-7f09a0000000 ---p 00000000 00:00 0 
7f09a0000000-7f09a0021000 rw-p 00000000 00:00 0 
7f09a0021000-7f09a4000000 ---p 00000000 00:00 0 
7f09a4000000-7f09a4021000 rw-p 00000000 00:00 0 
7f09a4021000-7f09a8000000 ---p 00000000 00:00 0 
7f09a8000000-7f09a8152000 rw-p 00000000 00:00 0 
7f09a8152000-7f09ac000000 ---p 00000000 00:00 0 
7f09ac000000-7f09ac026000 rw-p 00000000 00:00 0 
7f09ac026000-7f09b0000000 ---p 00000000 00:00 0 
7f09b0000000-7f09b0021000 rw-p 00000000 00:00 0 
7f09b0021000-7f09b4000000 ---p 00000000 00:00 0 
7f09b4000000-7f09b4072000 rw-p 00000000 00:00 0 
7f09b4072000-7f09b8000000 ---p 00000000 00:00 0 
7f09b8100000-7f09b8104000 ---p 00000000 00:00 0 
7f09b8104000-7f09b8200000 rw-p 00000000 00:00 0 
7f09b8200000-7f09b8204000 ---p 00000000 00:00 0 
7f09b8204000-7f09b8300000 rw-p 00000000 00:00 0 
7f09b8300000-7f09b8304000 ---p 00000000 00:00 0 
7f09b8304000-7f09b8400000 rw-p 00000000 00:00 0 
7f09b8400000-7f09b8404000 ---p 00000000 00:00 0 
7f09b8404000-7f09b8500000 rw-p 00000000 00:00 0 
7f09b8500000-7f09b8504000 ---p 00000000 00:00 0 
7f09b8504000-7f09b8600000 rw-p 00000000 00:00 0 
7f09b8600000-7f09b8604000 ---p 00000000 00:00 0 
7f09b8604000-7f09b8700000 rw-p 00000000 00:00 0 
7f09b8700000-7f09b8704000 ---p 00000000 00:00 0 
7f09b8704000-7f09b8800000 rw-p 00000000 00:00 0 
7f09b8800000-7f09b8804000 ---p 00000000 00:00 0 
7f09b8804000-7f09b8900000 rw-p 00000000 00:00 0 
7f09b8900000-7f09b8904000 ---p 00000000 00:00 0 
7f09b8904000-7f09b8a00000 rw-p 00000000 00:00 0 
7f09b8b00000-7f09b8b04000 ---p 00000000 00:00 0 
7f09b8b04000-7f09b8c00000 rw-p 00000000 00:00 0 
7f09b8c00000-7f09bad6a000 r-xp 00000000 00:133f 4611686019135190040      /nix/store/gpxl5qgg8kicmcvivwmybwjlpf7wh20l-graalvm17-ce-22.3.0/lib/libjvmcicompiler.so
7f09bad6a000-7f09baf69000 ---p 0216a000 00:133f 4611686019135190040      /nix/store/gpxl5qgg8kicmcvivwmybwjlpf7wh20l-graalvm17-ce-22.3.0/lib/libjvmcicompiler.so
7f09baf69000-7f09baf6a000 r--p 02169000 00:133f 4611686019135190040      /nix/store/gpxl5qgg8kicmcvivwmybwjlpf7wh20l-graalvm17-ce-22.3.0/lib/libjvmcicompiler.so
7f09baf6a000-7f09baf6c000 rw-p 0216a000 00:133f 4611686019135190040      /nix/store/gpxl5qgg8kicmcvivwmybwjlpf7wh20l-graalvm17-ce-22.3.0/lib/libjvmcicompiler.so
7f09baf6c000-7f09baf6d000 rw-p 00000000 00:00 0 
7f09baf6d000-7f09baf72000 rw-p 023c3000 00:133f 4611686019135190040      /nix/store/gpxl5qgg8kicmcvivwmybwjlpf7wh20l-graalvm17-ce-22.3.0/lib/libjvmcicompiler.so
7f09bafb1000-7f09bafb2000 ---p 00000000 00:00 0 
7f09bafb2000-7f09bb0b3000 rw-p 00000000 00:00 0 
7f09bb0b3000-7f09bb0b7000 ---p 00000000 00:00 0 
7f09bb0b7000-7f09bb1b3000 rw-p 00000000 00:00 0 
7f09bb1b3000-7f09bb1b7000 ---p 00000000 00:00 0 
7f09bb1b7000-7f09bb2b3000 rw-p 00000000 00:00 0 
7f09bb2b3000-7f09bb2b7000 ---p 00000000 00:00 0 
7f09bb2b7000-7f09bb4b3000 rw-p 00000000 00:00 0 
7f09bb4b3000-7f09bb723000 rwxp 00000000 00:00 0 
7f09bb723000-7f09bba42000 ---p 00000000 00:00 0 
7f09bba42000-7f09bca52000 rwxp 00000000 00:00 0 
7f09bca52000-7f09c2f7a000 ---p 00000000 00:00 0 
7f09c2f7a000-7f09c321a000 rwxp 00000000 00:00 0 
7f09c321a000-7f09ca4b3000 ---p 00000000 00:00 0 
7f09ca4b3000-7f09d4000000 r--s 00000000 00:133f 4611686019135192581      /nix/store/gpxl5qgg8kicmcvivwmybwjlpf7wh20l-graalvm17-ce-22.3.0/lib/modules
7f09d4000000-7f09d461a000 rw-p 00000000 00:00 0 
7f09d461a000-7f09d8000000 ---p 00000000 00:00 0 
7f09d8018000-7f09d801c000 ---p 00000000 00:00 0 
7f09d801c000-7f09d8118000 rw-p 00000000 00:00 0 
7f09d8118000-7f09d811c000 ---p 00000000 00:00 0 
7f09d811c000-7f09d8318000 rw-p 00000000 00:00 0 
7f09d8318000-7f09d831c000 ---p 00000000 00:00 0 
7f09d831c000-7f09d8418000 rw-p 00000000 00:00 0 
7f09d8418000-7f09d841c000 ---p 00000000 00:00 0 
7f09d841c000-7f09d8518000 rw-p 00000000 00:00 0 
7f09d8518000-7f09d851c000 ---p 00000000 00:00 0 
7f09d851c000-7f09d8618000 rw-p 00000000 00:00 0 
7f09d8618000-7f09d88fe000 r--p 00000000 00:8e6 28444448                  /usr/lib/locale/locale-archive
7f09d88fe000-7f09d8902000 ---p 00000000 00:00 0 
7f09d8902000-7f09d89fe000 rw-p 00000000 00:00 0 
7f09d89fe000-7f09d8a02000 ---p 00000000 00:00 0 
7f09d8a02000-7f09d8afe000 rw-p 00000000 00:00 0 
7f09d8afe000-7f09d8aff000 ---p 00000000 00:00 0 
7f09d8aff000-7f09d9000000 rw-p 00000000 00:00 0 
7f09d9000000-7f09d9300000 rw-p 00000000 00:00 0 
7f09d9300000-7f09d9400000 rw-p 00000000 00:00 0 
7f09d943c000-7f09d943e000 r-xp 00000000 00:133f 4611686019135190017      /nix/store/gpxl5qgg8kicmcvivwmybwjlpf7wh20l-graalvm17-ce-22.3.0/lib/libextnet.so
7f09d943e000-7f09d943f000 r--p 00001000 00:133f 4611686019135190017      /nix/store/gpxl5qgg8kicmcvivwmybwjlpf7wh20l-graalvm17-ce-22.3.0/lib/libextnet.so
7f09d943f000-7f09d9440000 rw-p 00002000 00:133f 4611686019135190017      /nix/store/gpxl5qgg8kicmcvivwmybwjlpf7wh20l-graalvm17-ce-22.3.0/lib/libextnet.so
7f09d9440000-7f09d9441000 rw-p 00004000 00:133f 4611686019135190017      /nix/store/gpxl5qgg8kicmcvivwmybwjlpf7wh20l-graalvm17-ce-22.3.0/lib/libextnet.so
7f09d9441000-7f09d9445000 ---p 00000000 00:00 0 
7f09d9445000-7f09d9463000 rw-p 00000000 00:00 0 
7f09d9463000-7f09d946a000 r-xp 00000000 00:133f 4611686019135192580      /nix/store/gpxl5qgg8kicmcvivwmybwjlpf7wh20l-graalvm17-ce-22.3.0/lib/libzip.so
7f09d946a000-7f09d946b000 ---p 00007000 00:133f 4611686019135192580      /nix/store/gpxl5qgg8kicmcvivwmybwjlpf7wh20l-graalvm17-ce-22.3.0/lib/libzip.so
7f09d946b000-7f09d946c000 r--p 00007000 00:133f 4611686019135192580      /nix/store/gpxl5qgg8kicmcvivwmybwjlpf7wh20l-graalvm17-ce-22.3.0/lib/libzip.so
7f09d946c000-7f09d946d000 rw-p 00008000 00:133f 4611686019135192580      /nix/store/gpxl5qgg8kicmcvivwmybwjlpf7wh20l-graalvm17-ce-22.3.0/lib/libzip.so
7f09d946d000-7f09d946f000 rw-p 0000b000 00:133f 4611686019135192580      /nix/store/gpxl5qgg8kicmcvivwmybwjlpf7wh20l-graalvm17-ce-22.3.0/lib/libzip.so
7f09d946f000-7f09d9484000 r-xp 00000000 00:133f 4611686019135192570      /nix/store/gpxl5qgg8kicmcvivwmybwjlpf7wh20l-graalvm17-ce-22.3.0/lib/libnet.so
7f09d9484000-7f09d9485000 ---p 00015000 00:133f 4611686019135192570      /nix/store/gpxl5qgg8kicmcvivwmybwjlpf7wh20l-graalvm17-ce-22.3.0/lib/libnet.so
7f09d9485000-7f09d9486000 r--p 00015000 00:133f 4611686019135192570      /nix/store/gpxl5qgg8kicmcvivwmybwjlpf7wh20l-graalvm17-ce-22.3.0/lib/libnet.so
7f09d9486000-7f09d9487000 rw-p 00016000 00:133f 4611686019135192570      /nix/store/gpxl5qgg8kicmcvivwmybwjlpf7wh20l-graalvm17-ce-22.3.0/lib/libnet.so
7f09d9487000-7f09d948a000 rw-p 0001b000 00:133f 4611686019135192570      /nix/store/gpxl5qgg8kicmcvivwmybwjlpf7wh20l-graalvm17-ce-22.3.0/lib/libnet.so
7f09d948a000-7f09d949d000 r-xp 00000000 00:133f 4611686019135192571      /nix/store/gpxl5qgg8kicmcvivwmybwjlpf7wh20l-graalvm17-ce-22.3.0/lib/libnio.so
7f09d949d000-7f09d949e000 r--p 00012000 00:133f 4611686019135192571      /nix/store/gpxl5qgg8kicmcvivwmybwjlpf7wh20l-graalvm17-ce-22.3.0/lib/libnio.so
7f09d949e000-7f09d949f000 rw-p 00013000 00:133f 4611686019135192571      /nix/store/gpxl5qgg8kicmcvivwmybwjlpf7wh20l-graalvm17-ce-22.3.0/lib/libnio.so
7f09d949f000-7f09d94a4000 rw-p 00019000 00:133f 4611686019135192571      /nix/store/gpxl5qgg8kicmcvivwmybwjlpf7wh20l-graalvm17-ce-22.3.0/lib/libnio.so
7f09d94a4000-7f09d9572000 r-xp 00000000 00:133f 4611686019135190036      /nix/store/gpxl5qgg8kicmcvivwmybwjlpf7wh20l-graalvm17-ce-22.3.0/lib/libjsvml.so
7f09d9572000-7f09d9573000 r--p 000cd000 00:133f 4611686019135190036      /nix/store/gpxl5qgg8kicmcvivwmybwjlpf7wh20l-graalvm17-ce-22.3.0/lib/libjsvml.so
7f09d9573000-7f09d9574000 rw-p 000ce000 00:133f 4611686019135190036      /nix/store/gpxl5qgg8kicmcvivwmybwjlpf7wh20l-graalvm17-ce-22.3.0/lib/libjsvml.so
7f09d9574000-7f09dae4c000 rw-p 00000000 00:00 0 
7f09dae4c000-7f09dae4d000 ---p 00000000 00:00 0 
7f09dae4d000-7f09daff8000 rw-p 00000000 00:00 0 
7f09daff8000-7f09db007000 rw-p 00000000 00:00 0 
7f09db007000-7f09db04e000 ---p 00000000 00:00 0 
7f09db04e000-7f09db055000 rw-p 00000000 00:00 0 
7f09db055000-7f09db13a000 ---p 00000000 00:00 0 
7f09db13a000-7f09db15b000 rw-p 00000000 00:00 0 
7f09db15b000-7f09db225000 ---p 00000000 00:00 0 
7f09db225000-7f09db22a000 rw-p 00000000 00:00 0 
7f09db22a000-7f09db231000 ---p 00000000 00:00 0 
7f09db231000-7f09db255000 r-xp 00000000 00:133f 4611686019135190028      /nix/store/gpxl5qgg8kicmcvivwmybwjlpf7wh20l-graalvm17-ce-22.3.0/lib/libjava.so
7f09db255000-7f09db256000 ---p 00024000 00:133f 4611686019135190028      /nix/store/gpxl5qgg8kicmcvivwmybwjlpf7wh20l-graalvm17-ce-22.3.0/lib/libjava.so
7f09db256000-7f09db257000 r--p 00024000 00:133f 4611686019135190028      /nix/store/gpxl5qgg8kicmcvivwmybwjlpf7wh20l-graalvm17-ce-22.3.0/lib/libjava.so
7f09db257000-7f09db258000 rw-p 00025000 00:133f 4611686019135190028      /nix/store/gpxl5qgg8kicmcvivwmybwjlpf7wh20l-graalvm17-ce-22.3.0/lib/libjava.so
7f09db258000-7f09db259000 rw-p 00000000 00:00 0 
7f09db259000-7f09db260000 rw-p 0002f000 00:133f 4611686019135190028      /nix/store/gpxl5qgg8kicmcvivwmybwjlpf7wh20l-graalvm17-ce-22.3.0/lib/libjava.so
7f09db260000-7f09db268000 rw-s 00000000 00:5dd 353                       /tmp/hsperfdata_runner/21
7f09db268000-7f09db269000 ---p 00000000 00:00 0 
7f09db269000-7f09db26a000 r--p 00000000 00:00 0 
7f09db26a000-7f09db26b000 rwxp 00000000 00:00 0 
7f09db26b000-7f09db286000 r-xp 00000000 00:133f 4611686019135190032      /nix/store/gpxl5qgg8kicmcvivwmybwjlpf7wh20l-graalvm17-ce-22.3.0/lib/libjimage.so
7f09db286000-7f09db287000 ---p 0001b000 00:133f 4611686019135190032      /nix/store/gpxl5qgg8kicmcvivwmybwjlpf7wh20l-graalvm17-ce-22.3.0/lib/libjimage.so
7f09db287000-7f09db289000 r--p 0001b000 00:133f 4611686019135190032      /nix/store/gpxl5qgg8kicmcvivwmybwjlpf7wh20l-graalvm17-ce-22.3.0/lib/libjimage.so
7f09db289000-7f09db28a000 rw-p 0001d000 00:133f 4611686019135190032      /nix/store/gpxl5qgg8kicmcvivwmybwjlpf7wh20l-graalvm17-ce-22.3.0/lib/libjimage.so
7f09db28a000-7f09db28b000 rw-p 00024000 00:133f 4611686019135190032      /nix/store/gpxl5qgg8kicmcvivwmybwjlpf7wh20l-graalvm17-ce-22.3.0/lib/libjimage.so
7f09db28b000-7f09db28f000 ---p 00000000 00:00 0 
7f09db28f000-7f09db38b000 rw-p 00000000 00:00 0 
7f09db38b000-7f09db399000 r--p 00000000 00:133f 4611686019027979927      /nix/store/4nlgxhb09sdr51nc9hdm8az5b08vzkgx-glibc-2.35-163/lib/libm.so.6
7f09db399000-7f09db40c000 r-xp 0000e000 00:133f 4611686019027979927      /nix/store/4nlgxhb09sdr51nc9hdm8az5b08vzkgx-glibc-2.35-163/lib/libm.so.6
7f09db40c000-7f09db469000 r--p 00081000 00:133f 4611686019027979927      /nix/store/4nlgxhb09sdr51nc9hdm8az5b08vzkgx-glibc-2.35-163/lib/libm.so.6
7f09db469000-7f09db46a000 r--p 000dd000 00:133f 4611686019027979927      /nix/store/4nlgxhb09sdr51nc9hdm8az5b08vzkgx-glibc-2.35-163/lib/libm.so.6
7f09db46a000-7f09db46b000 rw-p 000de000 00:133f 4611686019027979927      /nix/store/4nlgxhb09sdr51nc9hdm8az5b08vzkgx-glibc-2.35-163/lib/libm.so.6
7f09db46b000-7f09db46c000 r--p 00000000 00:133f 4611686019027979946      /nix/store/4nlgxhb09sdr51nc9hdm8az5b08vzkgx-glibc-2.35-163/lib/librt.so.1
7f09db46c000-7f09db46d000 r-xp 00001000 00:133f 4611686019027979946      /nix/store/4nlgxhb09sdr51nc9hdm8az5b08vzkgx-glibc-2.35-163/lib/librt.so.1
7f09db46d000-7f09db46e000 r--p 00002000 00:133f 4611686019027979946      /nix/store/4nlgxhb09sdr51nc9hdm8az5b08vzkgx-glibc-2.35-163/lib/librt.so.1
7f09db46e000-7f09db46f000 r--p 00002000 00:133f 4611686019027979946      /nix/store/4nlgxhb09sdr51nc9hdm8az5b08vzkgx-glibc-2.35-163/lib/librt.so.1
7f09db46f000-7f09db470000 rw-p 00003000 00:133f 4611686019027979946      /nix/store/4nlgxhb09sdr51nc9hdm8az5b08vzkgx-glibc-2.35-163/lib/librt.so.1
7f09db470000-7f09dc583000 r-xp 00000000 00:133f 4611686019135360866      /nix/store/gpxl5qgg8kicmcvivwmybwjlpf7wh20l-graalvm17-ce-22.3.0/lib/server/libjvm.so
7f09dc583000-7f09dc584000 ---p 01113000 00:133f 4611686019135360866      /nix/store/gpxl5qgg8kicmcvivwmybwjlpf7wh20l-graalvm17-ce-22.3.0/lib/server/libjvm.so
7f09dc584000-7f09dc639000 r--p 01113000 00:133f 4611686019135360866      /nix/store/gpxl5qgg8kicmcvivwmybwjlpf7wh20l-graalvm17-ce-22.3.0/lib/server/libjvm.so
7f09dc639000-7f09dc66d000 rw-p 011c8000 00:133f 4611686019135360866      /nix/store/gpxl5qgg8kicmcvivwmybwjlpf7wh20l-graalvm17-ce-22.3.0/lib/server/libjvm.so
7f09dc66d000-7f09dc6c9000 rw-p 00000000 00:00 0 
7f09dc6c9000-7f09dc6f1000 r--p 00000000 00:133f 4611686019027979918      /nix/store/4nlgxhb09sdr51nc9hdm8az5b08vzkgx-glibc-2.35-163/lib/libc.so.6
7f09dc6f1000-7f09dc867000 r-xp 00028000 00:133f 4611686019027979918      /nix/store/4nlgxhb09sdr51nc9hdm8az5b08vzkgx-glibc-2.35-163/lib/libc.so.6
7f09dc867000-7f09dc8bf000 r--p 0019e000 00:133f 4611686019027979918      /nix/store/4nlgxhb09sdr51nc9hdm8az5b08vzkgx-glibc-2.35-163/lib/libc.so.6
7f09dc8bf000-7f09dc8c3000 r--p 001f6000 00:133f 4611686019027979918      /nix/store/4nlgxhb09sdr51nc9hdm8az5b08vzkgx-glibc-2.35-163/lib/libc.so.6
7f09dc8c3000-7f09dc8c5000 rw-p 001fa000 00:133f 4611686019027979918      /nix/store/4nlgxhb09sdr51nc9hdm8az5b08vzkgx-glibc-2.35-163/lib/libc.so.6
7f09dc8c5000-7f09dc8d4000 rw-p 00000000 00:00 0 
7f09dc8d4000-7f09dc8d5000 r--p 00000000 00:133f 4611686019027979923      /nix/store/4nlgxhb09sdr51nc9hdm8az5b08vzkgx-glibc-2.35-163/lib/libdl.so.2
7f09dc8d5000-7f09dc8d6000 r-xp 00001000 00:133f 4611686019027979923      /nix/store/4nlgxhb09sdr51nc9hdm8az5b08vzkgx-glibc-2.35-163/lib/libdl.so.2
7f09dc8d6000-7f09dc8d7000 r--p 00002000 00:133f 4611686019027979923      /nix/store/4nlgxhb09sdr51nc9hdm8az5b08vzkgx-glibc-2.35-163/lib/libdl.so.2
7f09dc8d7000-7f09dc8d8000 r--p 00002000 00:133f 4611686019027979923      /nix/store/4nlgxhb09sdr51nc9hdm8az5b08vzkgx-glibc-2.35-163/lib/libdl.so.2
7f09dc8d8000-7f09dc8d9000 rw-p 00003000 00:133f 4611686019027979923      /nix/store/4nlgxhb09sdr51nc9hdm8az5b08vzkgx-glibc-2.35-163/lib/libdl.so.2
7f09dc8d9000-7f09dc8da000 r--p 00000000 00:133f 4611686019027979942      /nix/store/4nlgxhb09sdr51nc9hdm8az5b08vzkgx-glibc-2.35-163/lib/libpthread.so.0
7f09dc8da000-7f09dc8db000 r-xp 00001000 00:133f 4611686019027979942      /nix/store/4nlgxhb09sdr51nc9hdm8az5b08vzkgx-glibc-2.35-163/lib/libpthread.so.0
7f09dc8db000-7f09dc8dc000 r--p 00002000 00:133f 4611686019027979942      /nix/store/4nlgxhb09sdr51nc9hdm8az5b08vzkgx-glibc-2.35-163/lib/libpthread.so.0
7f09dc8dc000-7f09dc8dd000 r--p 00002000 00:133f 4611686019027979942      /nix/store/4nlgxhb09sdr51nc9hdm8az5b08vzkgx-glibc-2.35-163/lib/libpthread.so.0
7f09dc8dd000-7f09dc8de000 rw-p 00003000 00:133f 4611686019027979942      /nix/store/4nlgxhb09sdr51nc9hdm8az5b08vzkgx-glibc-2.35-163/lib/libpthread.so.0
7f09dc8de000-7f09dc8ec000 r-xp 00000000 00:133f 4611686019135190033      /nix/store/gpxl5qgg8kicmcvivwmybwjlpf7wh20l-graalvm17-ce-22.3.0/lib/libjli.so
7f09dc8ec000-7f09dc8ed000 ---p 0000e000 00:133f 4611686019135190033      /nix/store/gpxl5qgg8kicmcvivwmybwjlpf7wh20l-graalvm17-ce-22.3.0/lib/libjli.so
7f09dc8ed000-7f09dc8ee000 r--p 0000e000 00:133f 4611686019135190033      /nix/store/gpxl5qgg8kicmcvivwmybwjlpf7wh20l-graalvm17-ce-22.3.0/lib/libjli.so
7f09dc8ee000-7f09dc8ef000 rw-p 0000f000 00:133f 4611686019135190033      /nix/store/gpxl5qgg8kicmcvivwmybwjlpf7wh20l-graalvm17-ce-22.3.0/lib/libjli.so
7f09dc8ef000-7f09dc8f0000 rw-p 00012000 00:133f 4611686019135190033      /nix/store/gpxl5qgg8kicmcvivwmybwjlpf7wh20l-graalvm17-ce-22.3.0/lib/libjli.so
7f09dc8f0000-7f09dc8f3000 r--p 00000000 00:133f 4611686019106210071      /nix/store/026hln0aq1hyshaxsdvhg0kmcm6yf45r-zlib-1.2.13/lib/libz.so.1.2.13
7f09dc8f3000-7f09dc905000 r-xp 00003000 00:133f 4611686019106210071      /nix/store/026hln0aq1hyshaxsdvhg0kmcm6yf45r-zlib-1.2.13/lib/libz.so.1.2.13
7f09dc905000-7f09dc90c000 r--p 00015000 00:133f 4611686019106210071      /nix/store/026hln0aq1hyshaxsdvhg0kmcm6yf45r-zlib-1.2.13/lib/libz.so.1.2.13
7f09dc90c000-7f09dc90d000 r--p 0001b000 00:133f 4611686019106210071      /nix/store/026hln0aq1hyshaxsdvhg0kmcm6yf45r-zlib-1.2.13/lib/libz.so.1.2.13
7f09dc90d000-7f09dc90e000 rw-p 0001c000 00:133f 4611686019106210071      /nix/store/026hln0aq1hyshaxsdvhg0kmcm6yf45r-zlib-1.2.13/lib/libz.so.1.2.13
7f09dc90e000-7f09dc910000 rw-p 00000000 00:00 0 
7f09dc910000-7f09dc912000 r--p 00000000 00:133f 4611686019027979912      /nix/store/4nlgxhb09sdr51nc9hdm8az5b08vzkgx-glibc-2.35-163/lib/ld-linux-x86-64.so.2
7f09dc912000-7f09dc939000 r-xp 00002000 00:133f 4611686019027979912      /nix/store/4nlgxhb09sdr51nc9hdm8az5b08vzkgx-glibc-2.35-163/lib/ld-linux-x86-64.so.2
7f09dc939000-7f09dc945000 r--p 00029000 00:133f 4611686019027979912      /nix/store/4nlgxhb09sdr51nc9hdm8az5b08vzkgx-glibc-2.35-163/lib/ld-linux-x86-64.so.2
7f09dc945000-7f09dc947000 r--p 00034000 00:133f 4611686019027979912      /nix/store/4nlgxhb09sdr51nc9hdm8az5b08vzkgx-glibc-2.35-163/lib/ld-linux-x86-64.so.2
7f09dc947000-7f09dc949000 rw-p 00036000 00:133f 4611686019027979912      /nix/store/4nlgxhb09sdr51nc9hdm8az5b08vzkgx-glibc-2.35-163/lib/ld-linux-x86-64.so.2
7ffca81fd000-7ffca8222000 rw-p 00000000 00:00 0                          [stack]
7ffca8263000-7ffca8267000 r--p 00000000 00:00 0                          [vvar]
7ffca8267000-7ffca8269000 r-xp 00000000 00:00 0                          [vdso]
ffffffffff600000-ffffffffff601000 --xp 00000000 00:00 0                  [vsyscall]


VM Arguments:
jvm_args: -XX:ThreadPriorityPolicy=1 -XX:+UnlockExperimentalVMOptions -XX:+EnableJVMCIProduct -XX:JVMCIThreadsPerNativeLibraryRuntime=1 -XX:-UnlockExperimentalVMOptions -Declipse.application=org.eclipse.jdt.ls.core.id1 -Dosgi.bundles.defaultStartLevel=4 -Declipse.product=org.eclipse.jdt.ls.core.product -Dlog.level=ALL -Xverify:none -XX:+UseParallelGC -XX:GCTimeRatio=4 -XX:AdaptiveSizePolicyWeight=90 -Dsun.zip.disableMemoryMapping=true -Xmx512m -Xms100m 
java_command: /nix/store/m6gcpi1ii6rghy04cjwjddcavv7i90df-jdt-language-server-1.9.0/share/java/plugins/org.eclipse.equinox.launcher_1.6.400.v20210924-0641.jar --add-modules=ALL-SYSTEM --add-opens java.base/java.util=ALL-UNNAMED --add-opens java.base/java.lang=ALL-UNNAMED -configuration /home/runner/.cache/jdt-language-server/config -data /home/runner/.cache/jdt-language-server/data/home/runner/HashMapImpl
java_class_path (initial): /nix/store/m6gcpi1ii6rghy04cjwjddcavv7i90df-jdt-language-server-1.9.0/share/java/plugins/org.eclipse.equinox.launcher_1.6.400.v20210924-0641.jar
Launcher Type: SUN_STANDARD

[Global flags]
    uintx AdaptiveSizePolicyWeight                 = 90                                        {product} {command line}
     intx CICompilerCount                          = 2                                         {product} {ergonomic}
     bool EnableJVMCIProduct                       = true                                {JVMCI product} {jimage}
    uintx GCTimeRatio                              = 4                                         {product} {command line}
   size_t InitialHeapSize                          = 104857600                                 {product} {command line}
     uint JVMCIThreadsPerNativeLibraryRuntime      = 1                                   {JVMCI product} {jimage}
   size_t MaxHeapSize                              = 536870912                                 {product} {command line}
   size_t MaxNewSize                               = 178782208                                 {product} {ergonomic}
   size_t MinHeapDeltaBytes                        = 524288                                    {product} {ergonomic}
   size_t MinHeapSize                              = 104857600                                 {product} {command line}
   size_t NewSize                                  = 34603008                                  {product} {ergonomic}
    uintx NonNMethodCodeHeapSize                   = 5826188                                {pd product} {ergonomic}
    uintx NonProfiledCodeHeapSize                  = 122916026                              {pd product} {ergonomic}
   size_t OldSize                                  = 70254592                                  {product} {ergonomic}
    uintx ProfiledCodeHeapSize                     = 122916026                              {pd product} {ergonomic}
    uintx ReservedCodeCacheSize                    = 251658240                              {pd product} {ergonomic}
     bool SegmentedCodeCache                       = true                                      {product} {ergonomic}
   size_t SoftMaxHeapSize                          = 536870912                              {manageable} {ergonomic}
     intx ThreadPriorityPolicy                     = 1                                         {product} {jimage}
     bool UseCompressedClassPointers               = true                           {product lp64_product} {ergonomic}
     bool UseCompressedOops                        = true                           {product lp64_product} {ergonomic}
     bool UseParallelGC                            = true                                      {product} {command line}

Logging:
Log output configuration:
 #0: stdout all=warning uptime,level,tags
 #1: stderr all=off uptime,level,tags

Environment Variables:
JAVA_HOME=/nix/store/gpxl5qgg8kicmcvivwmybwjlpf7wh20l-graalvm17-ce-22.3.0
PATH=/nix/store/1d6ian3r8kdzspw8hacjhl3xkp40g1lj-binutils-wrapper-2.39/bin:/nix/store/dq0xwmsk1g0i2ayg6pb7y87na2knzylh-gcc-wrapper-11.3.0/bin:/nix/store/bap4d0lpcrhpwmpb8ayjcgkmvfj62lnq-bash-interactive-5.1-p16/bin:/nix/store/pr5n59mb4jzmfx6kanwxly0l07p861fg-patchelf-0.15.0/bin:/nix/store/1gf2flfqnpqbr1b4p4qz2f72y42bs56r-gcc-11.3.0/bin:/nix/store/57xv61c5zi8pphjbcwxxjlgc34p61ic9-glibc-2.35-163-bin/bin:/nix/store/a7gvj343m05j2s32xcnwr35v31ynlypr-coreutils-9.1/bin:/nix/store/039g378vc3pc3dvi9dzdlrd0i4q93qwf-binutils-2.39/bin:/nix/store/gpxl5qgg8kicmcvivwmybwjlpf7wh20l-graalvm17-ce-22.3.0/bin:/nix/store/6z9ag3ihc8mq2hzsw48lhbznvzny65nz-apache-maven-3.8.6/bin:/nix/store/m6gcpi1ii6rghy04cjwjddcavv7i90df-jdt-language-server-1.9.0/bin:/nix/store/84xs5alhs01zrbr4ywm05kxbjbp5590l-java-debug/bin:/nix/store/mydc6f4k2z73xlcz7ilif3v2lcaiqvza-findutils-4.9.0/bin:/nix/store/j9p3g8472iijd50vhdprx0nmk2fqn5gv-diffutils-3.8/bin:/nix/store/89zs7rms6x00xfq4dq6m7mjnhkr8a6r4-gnused-4.8/bin:/nix/store/86bp03jkmsl6f92w0yzg4s59g5mhxwmy-gnugrep-3.7/bin:/nix/store/hwcdqw4jrjnd37wxqgsd47hd0j8bnj09-gawk-5.1.1/bin:/nix/store/cfbhw8r8ags41vwqaz47r583d0p4h4a1-gnutar-1.34/bin:/nix/store/p3m1ndl1lapwrlh698bnb5lvvxh67378-gzip-1.12/bin:/nix/store/a8mhcagrsly7c7mpjrpsnaahk4aax056-bzip2-1.0.8-bin/bin:/nix/store/mblgz65m3zv9x548a3d5m96fj2pbwr09-gnumake-4.3/bin:/nix/store/dsd5gz46hdbdk2rfdimqddhq6m8m8fqs-bash-5.1-p16/bin:/nix/store/v7ljksji50mg3w61dykaa3n3y79n6nil-patch-2.7.6/bin:/nix/store/zlcnmqq14jz5x9439jf937mvayyl63da-xz-5.2.7-bin/bin:/nix/store/y6aj732zm9m87c82fpvf103a1xb22blp-file-5.43/bin:/nix/store/i4kzir3m7mrisxmf5xvlnkw01x4qaqr4-prybar-elisp-0.0.0-e0d9a52/bin:/nix/store/lwwivxf6h7x3cvxp9zv8sj0mv7dak99r-prybar-lua-0.0.0-e0d9a52/bin:/nix/store/gxj28g1cg4hq3qanmjv07156h800qr58-prybar-python3-0.0.0-e0d9a52/bin:/nix/store/hshkjnxrgidigf8x75vg6lqng2xlx9i3-prybar-sqlite-0.0.0-e0d9a52/bin:/nix/store/c4w01bpjgyy5ixmwdk8m1pw87zq4sl26-prybar-tcl-0.0.0-e0d9a52/bin:/nix/store/hpbvrlwd5viqmvcaisb3x0118i913a9n-st
LD_LIBRARY_PATH=/nix/store/a4pff549sk2idnkpzk5nsfps3mdkdnvm-cups-2.4.2-lib/lib:/nix/store/72mqxxhh3cy5yifh92wh2yb8cl2hikyy-cairo-1.16.0/lib:/nix/store/2k366jrbsra97gjfxwvrhvixjfxdach5-glib-2.74.1/lib:/nix/store/2j2znigd8ak37rlwh9khz0ry3clqlw1l-gtk+3-3.24.34/lib:/nix/store/hisqvx32cd57apbpcsnkpx6k3549wql1-libglvnd-1.4.0/lib:/nix/store/p36pgcv991mq5srvg765b78yqpxvk3qs-mesa-21.3.3-drivers/lib:/nix/store/mav4251if1ahjq5vkpwycyyvnmy459c4-pulseaudio-14.2/lib
DISPLAY=:0
LANG=en_US.UTF-8

Signal Handlers:
   SIGSEGV: crash_handler in libjvm.so, mask=11100100010111111101111111111110, flags=SA_RESTART|SA_SIGINFO
    SIGBUS: crash_handler in libjvm.so, mask=11100100010111111101111111111110, flags=SA_RESTART|SA_SIGINFO
    SIGFPE: crash_handler in libjvm.so, mask=11100100010111111101111111111110, flags=SA_RESTART|SA_SIGINFO
   SIGPIPE: IsolateEnterStub_IgnoreSIGPIPEStartupHook_noopSignalHandler_8f19bff2f35b5f630d83b364d6b2339320d4ec70_216e8361c6bc87a8f89f58cc10d3b2fd4415bf87 in libjvmcicompiler.so, mask=00000000000000000000000000000000, flags=SA_RESTART
  *** Handler was modified!
  *** Expected: javaSignalHandler in libjvm.so, mask=11100100110111111111111111111110, flags=SA_RESTART|SA_SIGINFO
   SIGXFSZ: javaSignalHandler in libjvm.so, mask=11100100010111111101111111111110, flags=SA_RESTART|SA_SIGINFO
    SIGILL: crash_handler in libjvm.so, mask=11100100010111111101111111111110, flags=SA_RESTART|SA_SIGINFO
   SIGUSR2: SR_handler in libjvm.so, mask=00000000000000000000000000000000, flags=SA_RESTART|SA_SIGINFO
    SIGHUP: UserHandler in libjvm.so, mask=11100100010111111101111111111110, flags=SA_RESTART|SA_SIGINFO
    SIGINT: UserHandler in libjvm.so, mask=11100100010111111101111111111110, flags=SA_RESTART|SA_SIGINFO
   SIGTERM: UserHandler in libjvm.so, mask=11100100010111111101111111111110, flags=SA_RESTART|SA_SIGINFO
   SIGQUIT: UserHandler in libjvm.so, mask=11100100010111111101111111111110, flags=SA_RESTART|SA_SIGINFO
  *** Handler was modified!
  *** Expected: javaSignalHandler in libjvm.so, mask=11100100110111111111111111111110, flags=SA_RESTART|SA_SIGINFO
   SIGTRAP: crash_handler in libjvm.so, mask=11100100010111111101111111111110, flags=SA_RESTART|SA_SIGINFO


---------------  S Y S T E M  ---------------

OS:
DISTRIB_ID=Ubuntu
DISTRIB_RELEASE=20.04
DISTRIB_CODENAME=focal
DISTRIB_DESCRIPTION="Ubuntu 20.04.2 LTS"
uname: Linux 5.19.0-1022-gcp #24~22.04.1-Ubuntu SMP Sun Apr 23 09:51:08 UTC 2023 x86_64
OS uptime: 0 days 5:49 hours
libc: glibc 2.35 NPTL 2.35 
rlimit (soft/hard): STACK 8192k/infinity , CORE infinity/infinity , NPROC infinity/infinity , NOFILE 5242/5242 , AS infinity/infinity , CPU infinity/infinity , DATA infinity/infinity , FSIZE infinity/infinity , MEMLOCK 8192k/8192k
load average: 4.76 4.67 4.17

/proc/meminfo:
MemTotal:       32872256 kB
MemFree:         2148580 kB
MemAvailable:   21901636 kB
Buffers:         2092648 kB
Cached:         16784760 kB
SwapCached:            0 kB
Active:          7567548 kB
Inactive:       20408024 kB
Active(anon):      12324 kB
Inactive(anon):  9023280 kB
Active(file):    7555224 kB
Inactive(file): 11384744 kB
Unevictable:       57196 kB
Mlocked:           57196 kB
SwapTotal:             0 kB
SwapFree:              0 kB
Zswap:                 0 kB
Zswapped:              0 kB
Dirty:              6360 kB
Writeback:             0 kB
AnonPages:       8271892 kB
Mapped:          1433516 kB
Shmem:             19200 kB
KReclaimable:    1278924 kB
Slab:            2038468 kB
SReclaimable:    1278924 kB
SUnreclaim:       759544 kB
KernelStack:      344704 kB
PageTables:        87420 kB
NFS_Unstable:          0 kB
Bounce:                0 kB
WritebackTmp:          0 kB
CommitLimit:    16436128 kB
Committed_AS:   35520880 kB
VmallocTotal:   34359738367 kB
VmallocUsed:      372356 kB
VmallocChunk:          0 kB
Percpu:            18512 kB
HardwareCorrupted:     0 kB
AnonHugePages:    997376 kB
ShmemHugePages:        0 kB
ShmemPmdMapped:        0 kB
FileHugePages:         0 kB
FilePmdMapped:         0 kB
HugePages_Total:       0
HugePages_Free:        0
HugePages_Rsvd:        0
HugePages_Surp:        0
Hugepagesize:       2048 kB
Hugetlb:               0 kB
DirectMap4k:     3007288 kB
DirectMap2M:    29495296 kB
DirectMap1G:     3145728 kB

/sys/kernel/mm/transparent_hugepage/enabled: always [madvise] never
/sys/kernel/mm/transparent_hugepage/defrag (defrag/compaction efforts parameter): always defer defer+madvise [madvise] never

Process Memory:
Virtual Size: 3876032K (peak: 3907968K)
Resident Set Size: 719760K (peak: 755736K) (anon: 525120K, file: 194640K, shmem: 0K)
Swapped out: 0K
C-Heap outstanding allocations: 43819K, retained: 9988K
glibc malloc tunables: (default)

/proc/sys/kernel/threads-max (system-wide limit on the number of threads): 256750
/proc/sys/vm/max_map_count (maximum number of memory map areas a process may have): 65530
/proc/sys/kernel/pid_max (system-wide limit on number of process identifiers): 4194304

container (cgroup) information:
container_type: cgroupv1
cpu_cpuset_cpus: 1-3
cpu_memory_nodes: 0
active_processor_count: 1
cpu_quota: 50000
cpu_period: 100000
cpu_shares: 512
memory_limit_in_bytes: 1048576 k
memory_and_swap_limit_in_bytes: 1048576 k
memory_soft_limit_in_bytes: 524288 k
memory_usage_in_bytes: 586724 k
memory_max_usage_in_bytes: 608124 k
maximum number of tasks: 1000
current number of tasks: 44

KVM virtualization detected
Steal ticks since vm start: 0
Steal ticks percentage since vm start:  0.000

CPU: total 4 (initial active 1) (4 cores per cpu, 2 threads per core) family 25 model 1 stepping 0 microcode 0xffffffff, cx8, cmov, fxsr, ht, mmx, 3dnowpref, sse, sse2, sse3, ssse3, sse4a, sse4.1, sse4.2, popcnt, lzcnt, tsc, tscinvbit, avx, avx2, aes, erms, clmul, bmi1, bmi2, adx, sha, fma, vzeroupper, clflush, clflushopt, hv
CPU Model and flags from /proc/cpuinfo:
model name	: AMD EPYC 7B13
flags		: fpu vme de pse tsc msr pae mce cx8 apic sep mtrr pge mca cmov pat pse36 clflush mmx fxsr sse sse2 ht syscall nx mmxext fxsr_opt pdpe1gb rdtscp lm constant_tsc rep_good nopl nonstop_tsc cpuid extd_apicid tsc_known_freq pni pclmulqdq ssse3 fma cx16 pcid sse4_1 sse4_2 movbe popcnt aes xsave avx f16c rdrand hypervisor lahf_lm cmp_legacy cr8_legacy abm sse4a misalignsse 3dnowprefetch osvw topoext invpcid_single ssbd ibrs ibpb stibp vmmcall fsgsbase tsc_adjust bmi1 avx2 smep bmi2 erms invpcid rdseed adx smap clflushopt clwb sha_ni xsaveopt xsavec xgetbv1 clzero xsaveerptr arat npt nrip_save umip vaes vpclmulqdq rdpid fsrm

Online cpus: 0-3
Offline cpus: 
BIOS frequency limitation: <Not Available>
Frequency switch latency (ns): <Not Available>
Available cpu frequencies: <Not Available>
Current governor: <Not Available>
Core performance/turbo boost: <Not Available>

Memory: 4k page, physical 1048576k(461840k free), swap 0k(0k free)
Page Sizes: 4k

vm_info: OpenJDK 64-Bit Server VM (17.0.5+8-jvmci-22.3-b08) for linux-amd64 JRE (17.0.5+8-jvmci-22.3-b08), built on Oct 19 2022 09:01:27 by "buildslave" with gcc 10.3.0

END.
